Using pre-set license
Built from '2021.3/staging' branch; Version is '2021.3.19f1 (c9714fde33b6) revision 13201743'; Using compiler version '192829333'; Build Type 'Release'
OS: 'Windows 10  (10.0.19045) 64bit Professional' Language: 'ko' Physical Memory: 16194 MB
BatchMode: 1, IsHumanControllingUs: 0, StartBugReporterOnCrash: 0, Is64bit: 1, IsPro: 1

COMMAND LINE ARGUMENTS:
C:\Program Files\Unity\Hub\Editor\2021.3.19f1\Editor\Unity.exe
-adb2
-batchMode
-noUpm
-name
AssetImportWorker2
-projectPath
C:/Users/SGA/Desktop/직박구리/0302 유니티,깃허브/깃/Unity_2D_202303-main/zxcv/Side-scrolling
-logFile
Logs/AssetImportWorker2.log
-srvPort
52253
Successfully changed project path to: C:/Users/SGA/Desktop/직박구리/0302 유니티,깃허브/깃/Unity_2D_202303-main/zxcv/Side-scrolling
C:/Users/SGA/Desktop/직박구리/0302 유니티,깃허브/깃/Unity_2D_202303-main/zxcv/Side-scrolling
[UnityMemory] Configuration Parameters - Can be set up in boot.config
    "memorysetup-bucket-allocator-granularity=16"
    "memorysetup-bucket-allocator-bucket-count=8"
    "memorysetup-bucket-allocator-block-size=33554432"
    "memorysetup-bucket-allocator-block-count=8"
    "memorysetup-main-allocator-block-size=16777216"
    "memorysetup-thread-allocator-block-size=16777216"
    "memorysetup-gfx-main-allocator-block-size=16777216"
    "memorysetup-gfx-thread-allocator-block-size=16777216"
    "memorysetup-cache-allocator-block-size=4194304"
    "memorysetup-typetree-allocator-block-size=2097152"
    "memorysetup-profiler-bucket-allocator-granularity=16"
    "memorysetup-profiler-bucket-allocator-bucket-count=8"
    "memorysetup-profiler-bucket-allocator-block-size=33554432"
    "memorysetup-profiler-bucket-allocator-block-count=8"
    "memorysetup-profiler-allocator-block-size=16777216"
    "memorysetup-profiler-editor-allocator-block-size=1048576"
    "memorysetup-temp-allocator-size-main=16777216"
    "memorysetup-job-temp-allocator-block-size=2097152"
    "memorysetup-job-temp-allocator-block-size-background=1048576"
    "memorysetup-job-temp-allocator-reduction-small-platforms=262144"
    "memorysetup-temp-allocator-size-background-worker=32768"
    "memorysetup-temp-allocator-size-job-worker=262144"
    "memorysetup-temp-allocator-size-preload-manager=33554432"
    "memorysetup-temp-allocator-size-nav-mesh-worker=65536"
    "memorysetup-temp-allocator-size-audio-worker=65536"
    "memorysetup-temp-allocator-size-cloud-worker=32768"
    "memorysetup-temp-allocator-size-gi-baking-worker=262144"
    "memorysetup-temp-allocator-size-gfx=262144"
Player connection [18932] Host "[IP] 192.168.0.178 [Port] 0 [Flags] 2 [Guid] 72354010 [EditorId] 72354010 [Version] 1048832 [Id] WindowsEditor(7,DESKTOP-HQKDT44) [Debug] 1 [PackageName] WindowsEditor [ProjectName] Editor" joined multi-casting on [225.0.0.222:54997]...

Player connection [18932] Host "[IP] 192.168.0.178 [Port] 0 [Flags] 2 [Guid] 72354010 [EditorId] 72354010 [Version] 1048832 [Id] WindowsEditor(7,DESKTOP-HQKDT44) [Debug] 1 [PackageName] WindowsEditor [ProjectName] Editor" joined alternative multi-casting on [225.0.0.222:34997]...

Refreshing native plugins compatible for Editor in 25.43 ms, found 2 plugins.
Preloading 0 native plugins for Editor in 0.00 ms.
Initialize engine version: 2021.3.19f1 (c9714fde33b6)
[Subsystems] Discovering subsystems at path C:/Program Files/Unity/Hub/Editor/2021.3.19f1/Editor/Data/Resources/UnitySubsystems
[Subsystems] Discovering subsystems at path C:/Users/SGA/Desktop/직박구리/0302 유니티,깃허브/깃/Unity_2D_202303-main/zxcv/Side-scrolling/Assets
GfxDevice: creating device client; threaded=0; jobified=0
Direct3D:
    Version:  Direct3D 11.0 [level 11.1]
    Renderer: NVIDIA GeForce GTX 1650 (ID=0x1f82)
    Vendor:   NVIDIA
    VRAM:     3962 MB
    Driver:   31.0.15.1694
Initialize mono
Mono path[0] = 'C:/Program Files/Unity/Hub/Editor/2021.3.19f1/Editor/Data/Managed'
Mono path[1] = 'C:/Program Files/Unity/Hub/Editor/2021.3.19f1/Editor/Data/MonoBleedingEdge/lib/mono/unityjit-win32'
Mono config path = 'C:/Program Files/Unity/Hub/Editor/2021.3.19f1/Editor/Data/MonoBleedingEdge/etc'
Using monoOptions --debugger-agent=transport=dt_socket,embedding=1,server=y,suspend=n,address=127.0.0.1:56972
Begin MonoManager ReloadAssembly
Registering precompiled unity dll's ...
Register platform support module: C:/Program Files/Unity/Hub/Editor/2021.3.19f1/Editor/Data/PlaybackEngines/WebGLSupport/UnityEditor.WebGL.Extensions.dll
Register platform support module: C:/Program Files/Unity/Hub/Editor/2021.3.19f1/Editor/Data/PlaybackEngines/WindowsStandaloneSupport/UnityEditor.WindowsStandalone.Extensions.dll
Registered in 0.004045 seconds.
Native extension for WindowsStandalone target not found
Native extension for WebGL target not found
Refreshing native plugins compatible for Editor in 20.12 ms, found 2 plugins.
Preloading 0 native plugins for Editor in 0.00 ms.
Mono: successfully reloaded assembly
- Completed reload, in  0.378 seconds
Domain Reload Profiling:
	ReloadAssembly (379ms)
		BeginReloadAssembly (47ms)
			ExecutionOrderSort (0ms)
			DisableScriptedObjects (0ms)
			BackupInstance (0ms)
			ReleaseScriptingObjects (0ms)
			CreateAndSetChildDomain (1ms)
		EndReloadAssembly (258ms)
			LoadAssemblies (46ms)
			RebuildTransferFunctionScriptingTraits (0ms)
			SetupTypeCache (68ms)
			ReleaseScriptCaches (0ms)
			RebuildScriptCaches (18ms)
			SetupLoadedEditorAssemblies (139ms)
				LogAssemblyErrors (0ms)
				InitializePlatformSupportModulesInManaged (6ms)
				SetLoadedEditorAssemblies (0ms)
				RefreshPlugins (20ms)
				BeforeProcessingInitializeOnLoad (1ms)
				ProcessInitializeOnLoadAttributes (82ms)
				ProcessInitializeOnLoadMethodAttributes (30ms)
				AfterProcessingInitializeOnLoad (0ms)
				EditorAssembliesLoaded (0ms)
			ExecutionOrderSort2 (0ms)
			AwakeInstancesAfterBackupRestoration (0ms)
Platform modules already initialized, skipping
Registering precompiled user dll's ...
Registered in 0.001384 seconds.
Begin MonoManager ReloadAssembly
Native extension for WindowsStandalone target not found
Native extension for WebGL target not found
Refreshing native plugins compatible for Editor in 0.27 ms, found 2 plugins.
Preloading 0 native plugins for Editor in 0.00 ms.
Mono: successfully reloaded assembly
- Completed reload, in  0.564 seconds
Domain Reload Profiling:
	ReloadAssembly (564ms)
		BeginReloadAssembly (71ms)
			ExecutionOrderSort (0ms)
			DisableScriptedObjects (4ms)
			BackupInstance (0ms)
			ReleaseScriptingObjects (0ms)
			CreateAndSetChildDomain (13ms)
		EndReloadAssembly (419ms)
			LoadAssemblies (43ms)
			RebuildTransferFunctionScriptingTraits (0ms)
			SetupTypeCache (137ms)
			ReleaseScriptCaches (0ms)
			RebuildScriptCaches (26ms)
			SetupLoadedEditorAssemblies (189ms)
				LogAssemblyErrors (0ms)
				InitializePlatformSupportModulesInManaged (5ms)
				SetLoadedEditorAssemblies (0ms)
				RefreshPlugins (0ms)
				BeforeProcessingInitializeOnLoad (33ms)
				ProcessInitializeOnLoadAttributes (134ms)
				ProcessInitializeOnLoadMethodAttributes (12ms)
				AfterProcessingInitializeOnLoad (4ms)
				EditorAssembliesLoaded (0ms)
			ExecutionOrderSort2 (0ms)
			AwakeInstancesAfterBackupRestoration (4ms)
Platform modules already initialized, skipping
========================================================================
Worker process is ready to serve import requests
Launched and connected shader compiler UnityShaderCompiler.exe after 0.03 seconds
Refreshing native plugins compatible for Editor in 0.27 ms, found 2 plugins.
Preloading 0 native plugins for Editor in 0.00 ms.
Unloading 1418 Unused Serialized files (Serialized files now loaded: 0)
Unloading 16 unused Assets / (56.6 KB). Loaded Objects now: 1892.
Memory consumption went from 72.6 MB to 72.5 MB.
Total: 1.766600 ms (FindLiveObjects: 0.084800 ms CreateObjectMapping: 0.021800 ms MarkObjects: 1.606200 ms  DeleteObjects: 0.053300 ms)

AssetImportParameters requested are different than current active one (requested -> active):
  custom:video-decoder-ogg-theora: a1e56fd34408186e4bbccfd4996cb3dc -> 
  custom:container-muxer-webm: aa71ff27fc2769a1b78a27578f13a17b -> 
  custom:container-demuxer-webm: 4f35f7cbe854078d1ac9338744f61a02 -> 
  custom:video-encoder-webm-vp8: eb34c28f22e8b96e1ab97ce403110664 -> 
  custom:audio-encoder-webm-vorbis: bf7c407c2cedff20999df2af8eb42d56 -> 
  custom:framework-win-MediaFoundation: 216162199b28c13a410421893ffa2e32 -> 
  custom:container-demuxer-ogg: 62fdf1f143b41e24485cea50d1cbac27 -> 
  custom:video-decoder-webm-vp8: 9c59270c3fd7afecdb556c50c9e8de78 -> 
  custom:audio-decoder-ogg-vorbis: bf7c407c2cedff20999df2af8eb42d56 -> 
========================================================================
Received Import Request.
  Time since last request: 4618.919329 seconds.
  path: Assets/Nine Pines Animation/2D Character Sprite Animation - Penguin/sprites/penguin.png
  artifactKey: Guid(7760b788310b9264c83a3a3bdcf9f42e) Importer(815301076,1909f56bfc062723c751e8b465ee728b)
Start importing Assets/Nine Pines Animation/2D Character Sprite Animation - Penguin/sprites/penguin.png using Guid(7760b788310b9264c83a3a3bdcf9f42e) Importer(815301076,1909f56bfc062723c751e8b465ee728b)  -> (artifact id: '519d8b20b8d7274c6ddc374acd3df0b3') in 0.061552 seconds 
========================================================================
Received Import Request.
  Time since last request: 18.107467 seconds.
  path: Assets/Nine Pines Animation/2D Character Sprite Animation - Penguin/sprites/penguin_walk_06.png
  artifactKey: Guid(ffad18ba204bc7e4897c2b0c860d0c9a) Importer(815301076,1909f56bfc062723c751e8b465ee728b)
Start importing Assets/Nine Pines Animation/2D Character Sprite Animation - Penguin/sprites/penguin_walk_06.png using Guid(ffad18ba204bc7e4897c2b0c860d0c9a) Importer(815301076,1909f56bfc062723c751e8b465ee728b)  -> (artifact id: 'e7de11f1c6df362a6cafe582cdd633d6') in 0.082578 seconds 
========================================================================
Received Import Request.
  Time since last request: 84.740759 seconds.
  path: Assets/FX
  artifactKey: Guid(cfa2ce83d051ae24e91acc9af25a061c) Importer(815301076,1909f56bfc062723c751e8b465ee728b)
Start importing Assets/FX using Guid(cfa2ce83d051ae24e91acc9af25a061c) Importer(815301076,1909f56bfc062723c751e8b465ee728b)  -> (artifact id: '49cd50c05ec8bb9ba5624a19a2c2f382') in 0.006579 seconds 
========================================================================
Received Import Request.
  Time since last request: 8.445730 seconds.
  path: Assets/99. Resource/Undead Survivor
  artifactKey: Guid(1780f221774a63d41a2d8f4cc08a82af) Importer(815301076,1909f56bfc062723c751e8b465ee728b)
Start importing Assets/99. Resource/Undead Survivor using Guid(1780f221774a63d41a2d8f4cc08a82af) Importer(815301076,1909f56bfc062723c751e8b465ee728b)  -> (artifact id: 'ca8f6265ce473aa3e236ce12708f87b9') in 0.008664 seconds 
========================================================================
Received Import Request.
  Time since last request: 0.075817 seconds.
  path: Assets/99. Resource/Undead Survivor/Icon.png
  artifactKey: Guid(8cf32bb594965f3449d71aab39ee30ad) Importer(815301076,1909f56bfc062723c751e8b465ee728b)
Start importing Assets/99. Resource/Undead Survivor/Icon.png using Guid(8cf32bb594965f3449d71aab39ee30ad) Importer(815301076,1909f56bfc062723c751e8b465ee728b)  -> (artifact id: 'be736a8e39978f2cf9edf052eba90531') in 0.022080 seconds 
========================================================================
Received Import Request.
  Time since last request: 3.176368 seconds.
  path: Assets/99. Resource/Bringer Of Death
  artifactKey: Guid(3c4fc5318772ed14789457214af8599c) Importer(815301076,1909f56bfc062723c751e8b465ee728b)
Start importing Assets/99. Resource/Bringer Of Death using Guid(3c4fc5318772ed14789457214af8599c) Importer(815301076,1909f56bfc062723c751e8b465ee728b)  -> (artifact id: 'bd187b45f413e0830ac852b23aaa0809') in 0.006112 seconds 
========================================================================
Received Import Request.
  Time since last request: 0.719956 seconds.
  path: Assets/99. Resource/JMO Assets
  artifactKey: Guid(976974e4d3018034e87caeb9f51f20f6) Importer(815301076,1909f56bfc062723c751e8b465ee728b)
Start importing Assets/99. Resource/JMO Assets using Guid(976974e4d3018034e87caeb9f51f20f6) Importer(815301076,1909f56bfc062723c751e8b465ee728b)  -> (artifact id: 'c15fe5f735dd869c52abc0903f3e86f0') in 0.005036 seconds 
========================================================================
Received Import Request.
  Time since last request: 0.739640 seconds.
  path: Assets/99. Resource/JMO Assets/Cartoon FX (legacy)
  artifactKey: Guid(c865e48369a325f4784ecd8444d1ec51) Importer(815301076,1909f56bfc062723c751e8b465ee728b)
Start importing Assets/99. Resource/JMO Assets/Cartoon FX (legacy) using Guid(c865e48369a325f4784ecd8444d1ec51) Importer(815301076,1909f56bfc062723c751e8b465ee728b)  -> (artifact id: '33fde2d00cf2ee0e2de16b4a19a3345d') in 0.005565 seconds 
========================================================================
Received Import Request.
  Time since last request: 0.864615 seconds.
  path: Assets/99. Resource/Yoge
  artifactKey: Guid(fb9e961dcd96b8e4ca1077f2976d4ed2) Importer(815301076,1909f56bfc062723c751e8b465ee728b)
Start importing Assets/99. Resource/Yoge using Guid(fb9e961dcd96b8e4ca1077f2976d4ed2) Importer(815301076,1909f56bfc062723c751e8b465ee728b)  -> (artifact id: '03419666a791fc624a3bc5d833bba3da') in 0.005994 seconds 
========================================================================
Received Import Request.
  Time since last request: 0.687978 seconds.
  path: Assets/99. Resource/Yoge/ParallaxBackground 1
  artifactKey: Guid(b3f17850a65c4c941ae413cdf28c243b) Importer(815301076,1909f56bfc062723c751e8b465ee728b)
Start importing Assets/99. Resource/Yoge/ParallaxBackground 1 using Guid(b3f17850a65c4c941ae413cdf28c243b) Importer(815301076,1909f56bfc062723c751e8b465ee728b)  -> (artifact id: '38e10ae18d0a1fb9a82f43011c8fd11b') in 0.005708 seconds 
========================================================================
Received Import Request.
  Time since last request: 0.775612 seconds.
  path: Assets/99. Resource/Yoge/ParallaxBackground 1/Scenes
  artifactKey: Guid(1e4b15e4cefdcea458137dc13c54c6a0) Importer(815301076,1909f56bfc062723c751e8b465ee728b)
Start importing Assets/99. Resource/Yoge/ParallaxBackground 1/Scenes using Guid(1e4b15e4cefdcea458137dc13c54c6a0) Importer(815301076,1909f56bfc062723c751e8b465ee728b)  -> (artifact id: '85093eff9052f5b7825b4a53ea56c8bf') in 0.004892 seconds 
========================================================================
Received Import Request.
  Time since last request: 0.364769 seconds.
  path: Assets/99. Resource/Yoge/ParallaxBackground 1/Scripts
  artifactKey: Guid(802c6b7ac918a5e488e64fe3bc81d68f) Importer(815301076,1909f56bfc062723c751e8b465ee728b)
Start importing Assets/99. Resource/Yoge/ParallaxBackground 1/Scripts using Guid(802c6b7ac918a5e488e64fe3bc81d68f) Importer(815301076,1909f56bfc062723c751e8b465ee728b)  -> (artifact id: '04aa6c9af868b03f04d14fc0fa117ebc') in 0.005836 seconds 
========================================================================
Received Import Request.
  Time since last request: 1.885760 seconds.
  path: Assets/99. Resource/Bringer Of Death/Animation
  artifactKey: Guid(37ece175d108a0847a3fbc12342d2372) Importer(815301076,1909f56bfc062723c751e8b465ee728b)
Start importing Assets/99. Resource/Bringer Of Death/Animation using Guid(37ece175d108a0847a3fbc12342d2372) Importer(815301076,1909f56bfc062723c751e8b465ee728b)  -> (artifact id: '58df7c02e72954cc55ba36ef8f2c30b7') in 0.005650 seconds 
========================================================================
Received Import Request.
  Time since last request: 1.110043 seconds.
  path: Assets/99. Resource/Bringer Of Death/Sprite Sheet
  artifactKey: Guid(19a87452f5a57214c96be3c04ed3be81) Importer(815301076,1909f56bfc062723c751e8b465ee728b)
Start importing Assets/99. Resource/Bringer Of Death/Sprite Sheet using Guid(19a87452f5a57214c96be3c04ed3be81) Importer(815301076,1909f56bfc062723c751e8b465ee728b)  -> (artifact id: '2005fde16bea488e84b6c4ef9c958ad7') in 0.005183 seconds 
========================================================================
Received Import Request.
  Time since last request: 0.057363 seconds.
  path: Assets/99. Resource/Bringer Of Death/Sprite Sheet/Bringer-of-Death-SpritSheet.png
  artifactKey: Guid(1914d95466e3d4341a618c35a56d5f82) Importer(815301076,1909f56bfc062723c751e8b465ee728b)
Start importing Assets/99. Resource/Bringer Of Death/Sprite Sheet/Bringer-of-Death-SpritSheet.png using Guid(1914d95466e3d4341a618c35a56d5f82) Importer(815301076,1909f56bfc062723c751e8b465ee728b)  -> (artifact id: '316a56d04e9a1fad584270c8e2e7bf3f') in 0.090998 seconds 
========================================================================
Received Import Request.
  Time since last request: 5.361993 seconds.
  path: Assets/99. Resource
  artifactKey: Guid(644ad0cf1979e4349807b26ff2602150) Importer(815301076,1909f56bfc062723c751e8b465ee728b)
Start importing Assets/99. Resource using Guid(644ad0cf1979e4349807b26ff2602150) Importer(815301076,1909f56bfc062723c751e8b465ee728b)  -> (artifact id: '177c5fd45962becfcdd28b6f677a8aa6') in 0.006901 seconds 
========================================================================
Received Import Request.
  Time since last request: 82.785105 seconds.
  path: Assets/Nine Pines Animation/2D Character Sprite Animation - Penguin/sprites/penguin.png
  artifactKey: Guid(7760b788310b9264c83a3a3bdcf9f42e) Importer(815301076,1909f56bfc062723c751e8b465ee728b)
Start importing Assets/Nine Pines Animation/2D Character Sprite Animation - Penguin/sprites/penguin.png using Guid(7760b788310b9264c83a3a3bdcf9f42e) Importer(815301076,1909f56bfc062723c751e8b465ee728b)  -> (artifact id: 'e1b38f64ce383d68b599240311f71b6b') in 0.016975 seconds 
========================================================================
Received Import Request.
  Time since last request: 234.660410 seconds.
  path: Assets/Nine Pines Animation/2D Character Sprite Animation - Penguin/Animations/penguin_idle_01.controller
  artifactKey: Guid(ba9e8b2f4d5d07f4e84e9f05710f122c) Importer(815301076,1909f56bfc062723c751e8b465ee728b)
Start importing Assets/Nine Pines Animation/2D Character Sprite Animation - Penguin/Animations/penguin_idle_01.controller using Guid(ba9e8b2f4d5d07f4e84e9f05710f122c) Importer(815301076,1909f56bfc062723c751e8b465ee728b)  -> (artifact id: '0ea08c569e0161de63abfaabdbb7a2de') in 0.004794 seconds 
========================================================================
Received Import Request.
  Time since last request: 1.988620 seconds.
  path: Assets/Nine Pines Animation/2D Character Sprite Animation - Penguin/Animations/penguin_atack_01.controller
  artifactKey: Guid(f20fbfd8f2bbac1448ad8e1a94ffb5d7) Importer(815301076,1909f56bfc062723c751e8b465ee728b)
Start importing Assets/Nine Pines Animation/2D Character Sprite Animation - Penguin/Animations/penguin_atack_01.controller using Guid(f20fbfd8f2bbac1448ad8e1a94ffb5d7) Importer(815301076,1909f56bfc062723c751e8b465ee728b)  -> (artifact id: 'ed6e8383c521cd6f5cd5fbb4a7ca8b28') in 0.002333 seconds 
========================================================================
Received Import Request.
  Time since last request: 30.890213 seconds.
  path: Assets/Nine Pines Animation/2D Character Sprite Animation - Penguin/Animations/penguin_idle.anim
  artifactKey: Guid(f316920cffe3d504882f519f757a5efe) Importer(815301076,1909f56bfc062723c751e8b465ee728b)
Start importing Assets/Nine Pines Animation/2D Character Sprite Animation - Penguin/Animations/penguin_idle.anim using Guid(f316920cffe3d504882f519f757a5efe) Importer(815301076,1909f56bfc062723c751e8b465ee728b)  -> (artifact id: '62cdcb71d77bd98d885b8fa0a5bec28d') in 0.006396 seconds 
========================================================================
Received Import Request.
  Time since last request: 18.144655 seconds.
  path: Assets/Nine Pines Animation/2D Character Sprite Animation - Penguin/sprites/New Animator Controller.controller
  artifactKey: Guid(4ccbe96d3058a464bba14a392f0b964f) Importer(815301076,1909f56bfc062723c751e8b465ee728b)
Start importing Assets/Nine Pines Animation/2D Character Sprite Animation - Penguin/sprites/New Animator Controller.controller using Guid(4ccbe96d3058a464bba14a392f0b964f) Importer(815301076,1909f56bfc062723c751e8b465ee728b)  -> (artifact id: '8290ce6030cdaf7c67773b8d80595505') in 0.006873 seconds 
========================================================================
Received Import Request.
  Time since last request: 12.667578 seconds.
  path: Assets/Nine Pines Animation/2D Character Sprite Animation - Penguin/sprites/Idle.anim
  artifactKey: Guid(09e3289f547aa2b47a35614658d17fa2) Importer(815301076,1909f56bfc062723c751e8b465ee728b)
Start importing Assets/Nine Pines Animation/2D Character Sprite Animation - Penguin/sprites/Idle.anim using Guid(09e3289f547aa2b47a35614658d17fa2) Importer(815301076,1909f56bfc062723c751e8b465ee728b)  -> (artifact id: '7dae5290a5a13bac87ad334a56441cca') in 0.006306 seconds 
========================================================================
Received Import Request.
  Time since last request: 4.060836 seconds.
  path: Assets/Nine Pines Animation/2D Character Sprite Animation - Penguin/sprites/BIdle.anim
  artifactKey: Guid(09e3289f547aa2b47a35614658d17fa2) Importer(815301076,1909f56bfc062723c751e8b465ee728b)
Start importing Assets/Nine Pines Animation/2D Character Sprite Animation - Penguin/sprites/BIdle.anim using Guid(09e3289f547aa2b47a35614658d17fa2) Importer(815301076,1909f56bfc062723c751e8b465ee728b)  -> (artifact id: '1935932fd9f925cd8586495929a62b88') in 0.007228 seconds 
========================================================================
Received Import Request.
  Time since last request: 10.992945 seconds.
  path: Assets/Nine Pines Animation/2D Character Sprite Animation - Penguin/sprites/B.controller
  artifactKey: Guid(4ccbe96d3058a464bba14a392f0b964f) Importer(815301076,1909f56bfc062723c751e8b465ee728b)
Start importing Assets/Nine Pines Animation/2D Character Sprite Animation - Penguin/sprites/B.controller using Guid(4ccbe96d3058a464bba14a392f0b964f) Importer(815301076,1909f56bfc062723c751e8b465ee728b)  -> (artifact id: 'b3dfe2a007a71a4d5f2f0d58c09a92b8') in 0.005519 seconds 
========================================================================
Received Import Request.
  Time since last request: 9.570372 seconds.
  path: Assets/Nine Pines Animation/2D Character Sprite Animation - Penguin/sprites/Boss.controller
  artifactKey: Guid(4ccbe96d3058a464bba14a392f0b964f) Importer(815301076,1909f56bfc062723c751e8b465ee728b)
Start importing Assets/Nine Pines Animation/2D Character Sprite Animation - Penguin/sprites/Boss.controller using Guid(4ccbe96d3058a464bba14a392f0b964f) Importer(815301076,1909f56bfc062723c751e8b465ee728b)  -> (artifact id: '43961e7600b6c578fb0d189da42a2b79') in 0.007837 seconds 
========================================================================
Received Import Request.
  Time since last request: 660.621478 seconds.
  path: Assets/Nine Pines Animation/2D Character Sprite Animation - Penguin/sprites/BWalk.anim
  artifactKey: Guid(5a7f5602eb3fead43aab7a5a5fd008de) Importer(815301076,1909f56bfc062723c751e8b465ee728b)
Start importing Assets/Nine Pines Animation/2D Character Sprite Animation - Penguin/sprites/BWalk.anim using Guid(5a7f5602eb3fead43aab7a5a5fd008de) Importer(815301076,1909f56bfc062723c751e8b465ee728b)  -> (artifact id: 'a9ecd7deaa43c8ae6b5a246d23fd7016') in 0.006768 seconds 
========================================================================
Received Import Request.
  Time since last request: 780.248516 seconds.
  path: Assets/Nine Pines Animation/2D Character Sprite Animation - Penguin/sprites/BSlide.anim
  artifactKey: Guid(317794940dbab7644973e50c861c5cfc) Importer(815301076,1909f56bfc062723c751e8b465ee728b)
Start importing Assets/Nine Pines Animation/2D Character Sprite Animation - Penguin/sprites/BSlide.anim using Guid(317794940dbab7644973e50c861c5cfc) Importer(815301076,1909f56bfc062723c751e8b465ee728b)  -> (artifact id: '72bdaa3f3c634c4426fc6ea11c534b1c') in 0.006910 seconds 
========================================================================
Received Import Request.
  Time since last request: 66.815776 seconds.
  path: Assets/Nine Pines Animation/2D Character Sprite Animation - Penguin/sprites/BSlideJump.anim
  artifactKey: Guid(525f599b55b11c94f89d7217712dd159) Importer(815301076,1909f56bfc062723c751e8b465ee728b)
Start importing Assets/Nine Pines Animation/2D Character Sprite Animation - Penguin/sprites/BSlideJump.anim using Guid(525f599b55b11c94f89d7217712dd159) Importer(815301076,1909f56bfc062723c751e8b465ee728b)  -> (artifact id: '76e50a71e4a34fb8e9bdcf5b07c7931f') in 0.006841 seconds 
========================================================================
Received Import Request.
  Time since last request: 36.977519 seconds.
  path: Assets/Nine Pines Animation/2D Character Sprite Animation - Penguin/sprites/BAttack.anim
  artifactKey: Guid(f6350503763779f4aab20d8e8022c4ae) Importer(815301076,1909f56bfc062723c751e8b465ee728b)
Start importing Assets/Nine Pines Animation/2D Character Sprite Animation - Penguin/sprites/BAttack.anim using Guid(f6350503763779f4aab20d8e8022c4ae) Importer(815301076,1909f56bfc062723c751e8b465ee728b)  -> (artifact id: 'e8186ae1117905739609f456dee8305e') in 0.005609 seconds 
========================================================================
Received Import Request.
  Time since last request: 137.908191 seconds.
  path: Assets/Nine Pines Animation/2D Character Sprite Animation - Penguin/sprites/BJump.anim
  artifactKey: Guid(cc7c098f96fee4d47b07bdbb88f2d7b1) Importer(815301076,1909f56bfc062723c751e8b465ee728b)
Start importing Assets/Nine Pines Animation/2D Character Sprite Animation - Penguin/sprites/BJump.anim using Guid(cc7c098f96fee4d47b07bdbb88f2d7b1) Importer(815301076,1909f56bfc062723c751e8b465ee728b)  -> (artifact id: '71ed458b55fd2eebe2bfb8d4b24190eb') in 0.007637 seconds 
========================================================================
Received Import Request.
  Time since last request: 329.919250 seconds.
  path: Assets/Resources
  artifactKey: Guid(f357ae48f0bab834dbe6cb1b7442f927) Importer(815301076,1909f56bfc062723c751e8b465ee728b)
Start importing Assets/Resources using Guid(f357ae48f0bab834dbe6cb1b7442f927) Importer(815301076,1909f56bfc062723c751e8b465ee728b)  -> (artifact id: 'ab512544c4531975067427b416d425bf') in 0.007456 seconds 
========================================================================
Received Import Request.
  Time since last request: 1.387171 seconds.
  path: Assets/Resources/Prefabs
  artifactKey: Guid(5c5489b5bda6056428d44af5da004e4e) Importer(815301076,1909f56bfc062723c751e8b465ee728b)
Start importing Assets/Resources/Prefabs using Guid(5c5489b5bda6056428d44af5da004e4e) Importer(815301076,1909f56bfc062723c751e8b465ee728b)  -> (artifact id: '13cda985de1932f2c26317ba869f5ac1') in 0.005204 seconds 
========================================================================
Received Import Request.
  Time since last request: 0.087701 seconds.
  path: Assets/Resources/Prefabs/Bullet.prefab
  artifactKey: Guid(6d2585e938b787347af29037de54b16a) Importer(815301076,1909f56bfc062723c751e8b465ee728b)
Start importing Assets/Resources/Prefabs/Bullet.prefab using Guid(6d2585e938b787347af29037de54b16a) Importer(815301076,1909f56bfc062723c751e8b465ee728b)  -> (artifact id: '40f8f906c47650771af00db9f5e69afc') in 0.041456 seconds 
========================================================================
Received Import Request.
  Time since last request: 9.888717 seconds.
  path: Assets/Textures
  artifactKey: Guid(21497ad10628d044e877127f1ea879ed) Importer(815301076,1909f56bfc062723c751e8b465ee728b)
Start importing Assets/Textures using Guid(21497ad10628d044e877127f1ea879ed) Importer(815301076,1909f56bfc062723c751e8b465ee728b)  -> (artifact id: '7c825029230d83c94f125127ee2d44c4') in 0.007871 seconds 
========================================================================
Received Import Request.
  Time since last request: 0.066520 seconds.
  path: Assets/Textures/Enemy.png
  artifactKey: Guid(0f9d22bd72c54ba4e980d6a1d521ea58) Importer(815301076,1909f56bfc062723c751e8b465ee728b)
Start importing Assets/Textures/Enemy.png using Guid(0f9d22bd72c54ba4e980d6a1d521ea58) Importer(815301076,1909f56bfc062723c751e8b465ee728b)  -> (artifact id: '9c594eaca81be9a167eef8c9c09da54f') in 0.193610 seconds 
========================================================================
Received Import Request.
  Time since last request: 12.151941 seconds.
  path: Assets/Anumations
  artifactKey: Guid(d043347cd97d7504683fffe122355160) Importer(815301076,1909f56bfc062723c751e8b465ee728b)
Start importing Assets/Anumations using Guid(d043347cd97d7504683fffe122355160) Importer(815301076,1909f56bfc062723c751e8b465ee728b)  -> (artifact id: 'a5386b8941f800203e71e3df3368054c') in 0.008114 seconds 
========================================================================
Received Import Request.
  Time since last request: 5.530609 seconds.
  path: Assets/Anumations/Boss
  artifactKey: Guid(5dabbf3fedde9034690b394b2e8b204e) Importer(815301076,1909f56bfc062723c751e8b465ee728b)
Start importing Assets/Anumations/Boss using Guid(5dabbf3fedde9034690b394b2e8b204e) Importer(815301076,1909f56bfc062723c751e8b465ee728b)  -> (artifact id: 'aab16a154de03854fd15eebce67e6b26') in 0.002367 seconds 
========================================================================
Received Import Request.
  Time since last request: 43.950281 seconds.
  path: Assets/Nine Pines Animation/2D Character Sprite Animation - Penguin/sample.unity
  artifactKey: Guid(65ab4801f0dd6774086584710d4fcd97) Importer(815301076,1909f56bfc062723c751e8b465ee728b)
Start importing Assets/Nine Pines Animation/2D Character Sprite Animation - Penguin/sample.unity using Guid(65ab4801f0dd6774086584710d4fcd97) Importer(815301076,1909f56bfc062723c751e8b465ee728b)  -> (artifact id: '7b5ff3819c4bb8632aae89f13e096cd2') in 0.008054 seconds 
========================================================================
Received Import Request.
  Time since last request: 472.528962 seconds.
  path: Assets/Scripts/BossController.cs
  artifactKey: Guid(b30c6eac17b3e9743adc4d3342a14ea8) Importer(815301076,1909f56bfc062723c751e8b465ee728b)
Start importing Assets/Scripts/BossController.cs using Guid(b30c6eac17b3e9743adc4d3342a14ea8) Importer(815301076,1909f56bfc062723c751e8b465ee728b)  -> (artifact id: '38e292675e4f5e2bfd0445eb70fa56c8') in 0.008395 seconds 
========================================================================
Received Prepare
Registering precompiled user dll's ...
Registered in 0.001366 seconds.
Begin MonoManager ReloadAssembly
Native extension for WindowsStandalone target not found
Native extension for WebGL target not found
Refreshing native plugins compatible for Editor in 0.28 ms, found 2 plugins.
Preloading 0 native plugins for Editor in 0.00 ms.
Mono: successfully reloaded assembly
- Completed reload, in  0.546 seconds
Domain Reload Profiling:
	ReloadAssembly (546ms)
		BeginReloadAssembly (92ms)
			ExecutionOrderSort (0ms)
			DisableScriptedObjects (3ms)
			BackupInstance (0ms)
			ReleaseScriptingObjects (0ms)
			CreateAndSetChildDomain (22ms)
		EndReloadAssembly (386ms)
			LoadAssemblies (47ms)
			RebuildTransferFunctionScriptingTraits (0ms)
			SetupTypeCache (110ms)
			ReleaseScriptCaches (1ms)
			RebuildScriptCaches (24ms)
			SetupLoadedEditorAssemblies (182ms)
				LogAssemblyErrors (0ms)
				InitializePlatformSupportModulesInManaged (10ms)
				SetLoadedEditorAssemblies (0ms)
				RefreshPlugins (0ms)
				BeforeProcessingInitializeOnLoad (31ms)
				ProcessInitializeOnLoadAttributes (123ms)
				ProcessInitializeOnLoadMethodAttributes (12ms)
				AfterProcessingInitializeOnLoad (5ms)
				EditorAssembliesLoaded (0ms)
			ExecutionOrderSort2 (0ms)
			AwakeInstancesAfterBackupRestoration (4ms)
Platform modules already initialized, skipping
Refreshing native plugins compatible for Editor in 0.73 ms, found 2 plugins.
Preloading 0 native plugins for Editor in 0.00 ms.
Unloading 1406 Unused Serialized files (Serialized files now loaded: 0)
Unloading 9 unused Assets / (24.6 KB). Loaded Objects now: 1912.
Memory consumption went from 75.4 MB to 75.4 MB.
Total: 1.766500 ms (FindLiveObjects: 0.084000 ms CreateObjectMapping: 0.024400 ms MarkObjects: 1.643800 ms  DeleteObjects: 0.013800 ms)

AssetImportParameters requested are different than current active one (requested -> active):
  custom:video-decoder-ogg-theora: a1e56fd34408186e4bbccfd4996cb3dc -> 
  custom:container-muxer-webm: aa71ff27fc2769a1b78a27578f13a17b -> 
  custom:container-demuxer-webm: 4f35f7cbe854078d1ac9338744f61a02 -> 
  custom:video-encoder-webm-vp8: eb34c28f22e8b96e1ab97ce403110664 -> 
  custom:audio-encoder-webm-vorbis: bf7c407c2cedff20999df2af8eb42d56 -> 
  custom:framework-win-MediaFoundation: 216162199b28c13a410421893ffa2e32 -> 
  custom:container-demuxer-ogg: 62fdf1f143b41e24485cea50d1cbac27 -> 
  custom:video-decoder-webm-vp8: 9c59270c3fd7afecdb556c50c9e8de78 -> 
  custom:audio-decoder-ogg-vorbis: bf7c407c2cedff20999df2af8eb42d56 -> 
========================================================================
Received Prepare
Registering precompiled user dll's ...
Registered in 0.001286 seconds.
Begin MonoManager ReloadAssembly
Native extension for WindowsStandalone target not found
Native extension for WebGL target not found
Refreshing native plugins compatible for Editor in 0.26 ms, found 2 plugins.
Preloading 0 native plugins for Editor in 0.00 ms.
Mono: successfully reloaded assembly
- Completed reload, in  0.575 seconds
Domain Reload Profiling:
	ReloadAssembly (575ms)
		BeginReloadAssembly (92ms)
			ExecutionOrderSort (0ms)
			DisableScriptedObjects (4ms)
			BackupInstance (0ms)
			ReleaseScriptingObjects (0ms)
			CreateAndSetChildDomain (20ms)
		EndReloadAssembly (411ms)
			LoadAssemblies (52ms)
			RebuildTransferFunctionScriptingTraits (0ms)
			SetupTypeCache (117ms)
			ReleaseScriptCaches (1ms)
			RebuildScriptCaches (24ms)
			SetupLoadedEditorAssemblies (197ms)
				LogAssemblyErrors (0ms)
				InitializePlatformSupportModulesInManaged (11ms)
				SetLoadedEditorAssemblies (0ms)
				RefreshPlugins (0ms)
				BeforeProcessingInitializeOnLoad (30ms)
				ProcessInitializeOnLoadAttributes (137ms)
				ProcessInitializeOnLoadMethodAttributes (14ms)
				AfterProcessingInitializeOnLoad (5ms)
				EditorAssembliesLoaded (0ms)
			ExecutionOrderSort2 (0ms)
			AwakeInstancesAfterBackupRestoration (5ms)
Platform modules already initialized, skipping
Refreshing native plugins compatible for Editor in 0.80 ms, found 2 plugins.
Preloading 0 native plugins for Editor in 0.00 ms.
Unloading 1406 Unused Serialized files (Serialized files now loaded: 0)
Unloading 9 unused Assets / (24.6 KB). Loaded Objects now: 1915.
Memory consumption went from 75.4 MB to 75.4 MB.
Total: 1.770400 ms (FindLiveObjects: 0.086700 ms CreateObjectMapping: 0.026200 ms MarkObjects: 1.642300 ms  DeleteObjects: 0.014500 ms)

AssetImportParameters requested are different than current active one (requested -> active):
  custom:video-decoder-ogg-theora: a1e56fd34408186e4bbccfd4996cb3dc -> 
  custom:container-muxer-webm: aa71ff27fc2769a1b78a27578f13a17b -> 
  custom:container-demuxer-webm: 4f35f7cbe854078d1ac9338744f61a02 -> 
  custom:video-encoder-webm-vp8: eb34c28f22e8b96e1ab97ce403110664 -> 
  custom:audio-encoder-webm-vorbis: bf7c407c2cedff20999df2af8eb42d56 -> 
  custom:framework-win-MediaFoundation: 216162199b28c13a410421893ffa2e32 -> 
  custom:container-demuxer-ogg: 62fdf1f143b41e24485cea50d1cbac27 -> 
  custom:video-decoder-webm-vp8: 9c59270c3fd7afecdb556c50c9e8de78 -> 
  custom:audio-decoder-ogg-vorbis: bf7c407c2cedff20999df2af8eb42d56 -> 
========================================================================
Received Prepare
Registering precompiled user dll's ...
Registered in 0.001300 seconds.
Begin MonoManager ReloadAssembly
Native extension for WindowsStandalone target not found
Native extension for WebGL target not found
Refreshing native plugins compatible for Editor in 0.28 ms, found 2 plugins.
Preloading 0 native plugins for Editor in 0.00 ms.
Mono: successfully reloaded assembly
- Completed reload, in  0.545 seconds
Domain Reload Profiling:
	ReloadAssembly (545ms)
		BeginReloadAssembly (84ms)
			ExecutionOrderSort (0ms)
			DisableScriptedObjects (4ms)
			BackupInstance (0ms)
			ReleaseScriptingObjects (0ms)
			CreateAndSetChildDomain (20ms)
		EndReloadAssembly (397ms)
			LoadAssemblies (46ms)
			RebuildTransferFunctionScriptingTraits (0ms)
			SetupTypeCache (113ms)
			ReleaseScriptCaches (1ms)
			RebuildScriptCaches (23ms)
			SetupLoadedEditorAssemblies (184ms)
				LogAssemblyErrors (0ms)
				InitializePlatformSupportModulesInManaged (10ms)
				SetLoadedEditorAssemblies (0ms)
				RefreshPlugins (0ms)
				BeforeProcessingInitializeOnLoad (30ms)
				ProcessInitializeOnLoadAttributes (127ms)
				ProcessInitializeOnLoadMethodAttributes (12ms)
				AfterProcessingInitializeOnLoad (4ms)
				EditorAssembliesLoaded (0ms)
			ExecutionOrderSort2 (0ms)
			AwakeInstancesAfterBackupRestoration (4ms)
Platform modules already initialized, skipping
Refreshing native plugins compatible for Editor in 0.68 ms, found 2 plugins.
Preloading 0 native plugins for Editor in 0.00 ms.
Unloading 1406 Unused Serialized files (Serialized files now loaded: 0)
Unloading 9 unused Assets / (24.6 KB). Loaded Objects now: 1918.
Memory consumption went from 75.5 MB to 75.4 MB.
Total: 1.701900 ms (FindLiveObjects: 0.084700 ms CreateObjectMapping: 0.025100 ms MarkObjects: 1.578500 ms  DeleteObjects: 0.013000 ms)

AssetImportParameters requested are different than current active one (requested -> active):
  custom:video-decoder-ogg-theora: a1e56fd34408186e4bbccfd4996cb3dc -> 
  custom:container-muxer-webm: aa71ff27fc2769a1b78a27578f13a17b -> 
  custom:container-demuxer-webm: 4f35f7cbe854078d1ac9338744f61a02 -> 
  custom:video-encoder-webm-vp8: eb34c28f22e8b96e1ab97ce403110664 -> 
  custom:audio-encoder-webm-vorbis: bf7c407c2cedff20999df2af8eb42d56 -> 
  custom:framework-win-MediaFoundation: 216162199b28c13a410421893ffa2e32 -> 
  custom:container-demuxer-ogg: 62fdf1f143b41e24485cea50d1cbac27 -> 
  custom:video-decoder-webm-vp8: 9c59270c3fd7afecdb556c50c9e8de78 -> 
  custom:audio-decoder-ogg-vorbis: bf7c407c2cedff20999df2af8eb42d56 -> 
========================================================================
Received Prepare
Registering precompiled user dll's ...
Registered in 0.001435 seconds.
Begin MonoManager ReloadAssembly
Native extension for WindowsStandalone target not found
Native extension for WebGL target not found
Refreshing native plugins compatible for Editor in 0.35 ms, found 2 plugins.
Preloading 0 native plugins for Editor in 0.00 ms.
Mono: successfully reloaded assembly
- Completed reload, in  0.585 seconds
Domain Reload Profiling:
	ReloadAssembly (586ms)
		BeginReloadAssembly (86ms)
			ExecutionOrderSort (0ms)
			DisableScriptedObjects (4ms)
			BackupInstance (0ms)
			ReleaseScriptingObjects (0ms)
			CreateAndSetChildDomain (20ms)
		EndReloadAssembly (434ms)
			LoadAssemblies (46ms)
			RebuildTransferFunctionScriptingTraits (0ms)
			SetupTypeCache (115ms)
			ReleaseScriptCaches (1ms)
			RebuildScriptCaches (25ms)
			SetupLoadedEditorAssemblies (223ms)
				LogAssemblyErrors (0ms)
				InitializePlatformSupportModulesInManaged (10ms)
				SetLoadedEditorAssemblies (0ms)
				RefreshPlugins (0ms)
				BeforeProcessingInitializeOnLoad (59ms)
				ProcessInitializeOnLoadAttributes (137ms)
				ProcessInitializeOnLoadMethodAttributes (12ms)
				AfterProcessingInitializeOnLoad (4ms)
				EditorAssembliesLoaded (0ms)
			ExecutionOrderSort2 (0ms)
			AwakeInstancesAfterBackupRestoration (4ms)
Platform modules already initialized, skipping
Refreshing native plugins compatible for Editor in 0.72 ms, found 2 plugins.
Preloading 0 native plugins for Editor in 0.00 ms.
Unloading 1406 Unused Serialized files (Serialized files now loaded: 0)
Unloading 9 unused Assets / (24.6 KB). Loaded Objects now: 1921.
Memory consumption went from 75.5 MB to 75.4 MB.
Total: 1.732100 ms (FindLiveObjects: 0.087500 ms CreateObjectMapping: 0.026700 ms MarkObjects: 1.603800 ms  DeleteObjects: 0.013600 ms)

AssetImportParameters requested are different than current active one (requested -> active):
  custom:video-decoder-ogg-theora: a1e56fd34408186e4bbccfd4996cb3dc -> 
  custom:container-muxer-webm: aa71ff27fc2769a1b78a27578f13a17b -> 
  custom:container-demuxer-webm: 4f35f7cbe854078d1ac9338744f61a02 -> 
  custom:video-encoder-webm-vp8: eb34c28f22e8b96e1ab97ce403110664 -> 
  custom:audio-encoder-webm-vorbis: bf7c407c2cedff20999df2af8eb42d56 -> 
  custom:framework-win-MediaFoundation: 216162199b28c13a410421893ffa2e32 -> 
  custom:container-demuxer-ogg: 62fdf1f143b41e24485cea50d1cbac27 -> 
  custom:video-decoder-webm-vp8: 9c59270c3fd7afecdb556c50c9e8de78 -> 
  custom:audio-decoder-ogg-vorbis: bf7c407c2cedff20999df2af8eb42d56 -> 
========================================================================
Received Prepare
Registering precompiled user dll's ...
Registered in 0.001632 seconds.
Begin MonoManager ReloadAssembly
Native extension for WindowsStandalone target not found
Native extension for WebGL target not found
Refreshing native plugins compatible for Editor in 0.27 ms, found 2 plugins.
Preloading 0 native plugins for Editor in 0.00 ms.
Mono: successfully reloaded assembly
- Completed reload, in  0.561 seconds
Domain Reload Profiling:
	ReloadAssembly (561ms)
		BeginReloadAssembly (83ms)
			ExecutionOrderSort (0ms)
			DisableScriptedObjects (4ms)
			BackupInstance (0ms)
			ReleaseScriptingObjects (0ms)
			CreateAndSetChildDomain (20ms)
		EndReloadAssembly (407ms)
			LoadAssemblies (46ms)
			RebuildTransferFunctionScriptingTraits (0ms)
			SetupTypeCache (126ms)
			ReleaseScriptCaches (1ms)
			RebuildScriptCaches (23ms)
			SetupLoadedEditorAssemblies (185ms)
				LogAssemblyErrors (0ms)
				InitializePlatformSupportModulesInManaged (10ms)
				SetLoadedEditorAssemblies (0ms)
				RefreshPlugins (0ms)
				BeforeProcessingInitializeOnLoad (29ms)
				ProcessInitializeOnLoadAttributes (127ms)
				ProcessInitializeOnLoadMethodAttributes (15ms)
				AfterProcessingInitializeOnLoad (5ms)
				EditorAssembliesLoaded (0ms)
			ExecutionOrderSort2 (0ms)
			AwakeInstancesAfterBackupRestoration (5ms)
Platform modules already initialized, skipping
Refreshing native plugins compatible for Editor in 0.68 ms, found 2 plugins.
Preloading 0 native plugins for Editor in 0.00 ms.
Unloading 1406 Unused Serialized files (Serialized files now loaded: 0)
Unloading 9 unused Assets / (24.6 KB). Loaded Objects now: 1924.
Memory consumption went from 75.5 MB to 75.4 MB.
Total: 1.757400 ms (FindLiveObjects: 0.089100 ms CreateObjectMapping: 0.024200 ms MarkObjects: 1.630700 ms  DeleteObjects: 0.012800 ms)

AssetImportParameters requested are different than current active one (requested -> active):
  custom:video-decoder-ogg-theora: a1e56fd34408186e4bbccfd4996cb3dc -> 
  custom:container-muxer-webm: aa71ff27fc2769a1b78a27578f13a17b -> 
  custom:container-demuxer-webm: 4f35f7cbe854078d1ac9338744f61a02 -> 
  custom:video-encoder-webm-vp8: eb34c28f22e8b96e1ab97ce403110664 -> 
  custom:audio-encoder-webm-vorbis: bf7c407c2cedff20999df2af8eb42d56 -> 
  custom:framework-win-MediaFoundation: 216162199b28c13a410421893ffa2e32 -> 
  custom:container-demuxer-ogg: 62fdf1f143b41e24485cea50d1cbac27 -> 
  custom:video-decoder-webm-vp8: 9c59270c3fd7afecdb556c50c9e8de78 -> 
  custom:audio-decoder-ogg-vorbis: bf7c407c2cedff20999df2af8eb42d56 -> 
