Using pre-set license
Built from '2021.3/staging' branch; Version is '2021.3.19f1 (c9714fde33b6) revision 13201743'; Using compiler version '192829333'; Build Type 'Release'
OS: 'Windows 10  (10.0.19045) 64bit Professional' Language: 'ko' Physical Memory: 16194 MB
BatchMode: 1, IsHumanControllingUs: 0, StartBugReporterOnCrash: 0, Is64bit: 1, IsPro: 1

COMMAND LINE ARGUMENTS:
C:\Program Files\Unity\Hub\Editor\2021.3.19f1\Editor\Unity.exe
-adb2
-batchMode
-noUpm
-name
AssetImportWorker0
-projectPath
C:/Users/SGA/Desktop/직박구리/0302 유니티,깃허브/깃/Unity_2D_202303-main/Side-scrolling
-logFile
Logs/AssetImportWorker0.log
-srvPort
59107
Successfully changed project path to: C:/Users/SGA/Desktop/직박구리/0302 유니티,깃허브/깃/Unity_2D_202303-main/Side-scrolling
C:/Users/SGA/Desktop/직박구리/0302 유니티,깃허브/깃/Unity_2D_202303-main/Side-scrolling
[UnityMemory] Configuration Parameters - Can be set up in boot.config
    "memorysetup-bucket-allocator-granularity=16"
    "memorysetup-bucket-allocator-bucket-count=8"
    "memorysetup-bucket-allocator-block-size=33554432"
    "memorysetup-bucket-allocator-block-count=8"
    "memorysetup-main-allocator-block-size=16777216"
    "memorysetup-thread-allocator-block-size=16777216"
    "memorysetup-gfx-main-allocator-block-size=16777216"
    "memorysetup-gfx-thread-allocator-block-size=16777216"
    "memorysetup-cache-allocator-block-size=4194304"
    "memorysetup-typetree-allocator-block-size=2097152"
    "memorysetup-profiler-bucket-allocator-granularity=16"
    "memorysetup-profiler-bucket-allocator-bucket-count=8"
    "memorysetup-profiler-bucket-allocator-block-size=33554432"
    "memorysetup-profiler-bucket-allocator-block-count=8"
    "memorysetup-profiler-allocator-block-size=16777216"
    "memorysetup-profiler-editor-allocator-block-size=1048576"
    "memorysetup-temp-allocator-size-main=16777216"
    "memorysetup-job-temp-allocator-block-size=2097152"
    "memorysetup-job-temp-allocator-block-size-background=1048576"
    "memorysetup-job-temp-allocator-reduction-small-platforms=262144"
    "memorysetup-temp-allocator-size-background-worker=32768"
    "memorysetup-temp-allocator-size-job-worker=262144"
    "memorysetup-temp-allocator-size-preload-manager=33554432"
    "memorysetup-temp-allocator-size-nav-mesh-worker=65536"
    "memorysetup-temp-allocator-size-audio-worker=65536"
    "memorysetup-temp-allocator-size-cloud-worker=32768"
    "memorysetup-temp-allocator-size-gi-baking-worker=262144"
    "memorysetup-temp-allocator-size-gfx=262144"
Player connection [14436] Host "[IP] 192.168.0.178 [Port] 0 [Flags] 2 [Guid] 2492582741 [EditorId] 2492582741 [Version] 1048832 [Id] WindowsEditor(7,DESKTOP-HQKDT44) [Debug] 1 [PackageName] WindowsEditor [ProjectName] Editor" joined multi-casting on [225.0.0.222:54997]...

Player connection [14436] Host "[IP] 192.168.0.178 [Port] 0 [Flags] 2 [Guid] 2492582741 [EditorId] 2492582741 [Version] 1048832 [Id] WindowsEditor(7,DESKTOP-HQKDT44) [Debug] 1 [PackageName] WindowsEditor [ProjectName] Editor" joined alternative multi-casting on [225.0.0.222:34997]...

Refreshing native plugins compatible for Editor in 21.25 ms, found 2 plugins.
Preloading 0 native plugins for Editor in 0.00 ms.
Initialize engine version: 2021.3.19f1 (c9714fde33b6)
[Subsystems] Discovering subsystems at path C:/Program Files/Unity/Hub/Editor/2021.3.19f1/Editor/Data/Resources/UnitySubsystems
[Subsystems] Discovering subsystems at path C:/Users/SGA/Desktop/직박구리/0302 유니티,깃허브/깃/Unity_2D_202303-main/Side-scrolling/Assets
GfxDevice: creating device client; threaded=0; jobified=0
Direct3D:
    Version:  Direct3D 11.0 [level 11.1]
    Renderer: NVIDIA GeForce GTX 1650 (ID=0x1f82)
    Vendor:   NVIDIA
    VRAM:     3962 MB
    Driver:   31.0.15.1694
Initialize mono
Mono path[0] = 'C:/Program Files/Unity/Hub/Editor/2021.3.19f1/Editor/Data/Managed'
Mono path[1] = 'C:/Program Files/Unity/Hub/Editor/2021.3.19f1/Editor/Data/MonoBleedingEdge/lib/mono/unityjit-win32'
Mono config path = 'C:/Program Files/Unity/Hub/Editor/2021.3.19f1/Editor/Data/MonoBleedingEdge/etc'
Using monoOptions --debugger-agent=transport=dt_socket,embedding=1,server=y,suspend=n,address=127.0.0.1:56636
Begin MonoManager ReloadAssembly
Registering precompiled unity dll's ...
Register platform support module: C:/Program Files/Unity/Hub/Editor/2021.3.19f1/Editor/Data/PlaybackEngines/WebGLSupport/UnityEditor.WebGL.Extensions.dll
Register platform support module: C:/Program Files/Unity/Hub/Editor/2021.3.19f1/Editor/Data/PlaybackEngines/WindowsStandaloneSupport/UnityEditor.WindowsStandalone.Extensions.dll
Registered in 0.004053 seconds.
Native extension for WindowsStandalone target not found
Native extension for WebGL target not found
Refreshing native plugins compatible for Editor in 20.22 ms, found 2 plugins.
Preloading 0 native plugins for Editor in 0.00 ms.
Mono: successfully reloaded assembly
- Completed reload, in  0.387 seconds
Domain Reload Profiling:
	ReloadAssembly (388ms)
		BeginReloadAssembly (49ms)
			ExecutionOrderSort (0ms)
			DisableScriptedObjects (0ms)
			BackupInstance (0ms)
			ReleaseScriptingObjects (0ms)
			CreateAndSetChildDomain (1ms)
		EndReloadAssembly (263ms)
			LoadAssemblies (48ms)
			RebuildTransferFunctionScriptingTraits (0ms)
			SetupTypeCache (70ms)
			ReleaseScriptCaches (0ms)
			RebuildScriptCaches (18ms)
			SetupLoadedEditorAssemblies (140ms)
				LogAssemblyErrors (0ms)
				InitializePlatformSupportModulesInManaged (6ms)
				SetLoadedEditorAssemblies (0ms)
				RefreshPlugins (20ms)
				BeforeProcessingInitializeOnLoad (1ms)
				ProcessInitializeOnLoadAttributes (83ms)
				ProcessInitializeOnLoadMethodAttributes (30ms)
				AfterProcessingInitializeOnLoad (0ms)
				EditorAssembliesLoaded (0ms)
			ExecutionOrderSort2 (0ms)
			AwakeInstancesAfterBackupRestoration (0ms)
Platform modules already initialized, skipping
Registering precompiled user dll's ...
Registered in 0.001456 seconds.
Begin MonoManager ReloadAssembly
Native extension for WindowsStandalone target not found
Native extension for WebGL target not found
Refreshing native plugins compatible for Editor in 0.28 ms, found 2 plugins.
Preloading 0 native plugins for Editor in 0.00 ms.
Mono: successfully reloaded assembly
- Completed reload, in  0.556 seconds
Domain Reload Profiling:
	ReloadAssembly (557ms)
		BeginReloadAssembly (72ms)
			ExecutionOrderSort (0ms)
			DisableScriptedObjects (4ms)
			BackupInstance (0ms)
			ReleaseScriptingObjects (0ms)
			CreateAndSetChildDomain (13ms)
		EndReloadAssembly (408ms)
			LoadAssemblies (44ms)
			RebuildTransferFunctionScriptingTraits (0ms)
			SetupTypeCache (111ms)
			ReleaseScriptCaches (0ms)
			RebuildScriptCaches (27ms)
			SetupLoadedEditorAssemblies (199ms)
				LogAssemblyErrors (0ms)
				InitializePlatformSupportModulesInManaged (5ms)
				SetLoadedEditorAssemblies (0ms)
				RefreshPlugins (0ms)
				BeforeProcessingInitializeOnLoad (33ms)
				ProcessInitializeOnLoadAttributes (142ms)
				ProcessInitializeOnLoadMethodAttributes (15ms)
				AfterProcessingInitializeOnLoad (4ms)
				EditorAssembliesLoaded (0ms)
			ExecutionOrderSort2 (0ms)
			AwakeInstancesAfterBackupRestoration (4ms)
Platform modules already initialized, skipping
========================================================================
Worker process is ready to serve import requests
Launched and connected shader compiler UnityShaderCompiler.exe after 0.02 seconds
Refreshing native plugins compatible for Editor in 0.26 ms, found 2 plugins.
Preloading 0 native plugins for Editor in 0.00 ms.
Unloading 1417 Unused Serialized files (Serialized files now loaded: 0)
Unloading 16 unused Assets / (56.2 KB). Loaded Objects now: 1891.
Memory consumption went from 72.5 MB to 72.4 MB.
Total: 1.795400 ms (FindLiveObjects: 0.090700 ms CreateObjectMapping: 0.026000 ms MarkObjects: 1.622400 ms  DeleteObjects: 0.055400 ms)

AssetImportParameters requested are different than current active one (requested -> active):
  custom:video-decoder-ogg-theora: a1e56fd34408186e4bbccfd4996cb3dc -> 
  custom:container-muxer-webm: aa71ff27fc2769a1b78a27578f13a17b -> 
  custom:container-demuxer-webm: 4f35f7cbe854078d1ac9338744f61a02 -> 
  custom:video-encoder-webm-vp8: eb34c28f22e8b96e1ab97ce403110664 -> 
  custom:audio-encoder-webm-vorbis: bf7c407c2cedff20999df2af8eb42d56 -> 
  custom:framework-win-MediaFoundation: 216162199b28c13a410421893ffa2e32 -> 
  custom:container-demuxer-ogg: 62fdf1f143b41e24485cea50d1cbac27 -> 
  custom:video-decoder-webm-vp8: 9c59270c3fd7afecdb556c50c9e8de78 -> 
  custom:audio-decoder-ogg-vorbis: bf7c407c2cedff20999df2af8eb42d56 -> 
========================================================================
Received Import Request.
  Time since last request: 1257.500583 seconds.
  path: Assets/Scripts
  artifactKey: Guid(4001f7645ec89ed4e88ce01030284aea) Importer(815301076,1909f56bfc062723c751e8b465ee728b)
Start importing Assets/Scripts using Guid(4001f7645ec89ed4e88ce01030284aea) Importer(815301076,1909f56bfc062723c751e8b465ee728b)  -> (artifact id: '36473519a8b498dbc7d24bae66faed94') in 0.006328 seconds 
========================================================================
Received Import Request.
  Time since last request: 0.000017 seconds.
  path: Assets/Resources
  artifactKey: Guid(f357ae48f0bab834dbe6cb1b7442f927) Importer(815301076,1909f56bfc062723c751e8b465ee728b)
Start importing Assets/Resources using Guid(f357ae48f0bab834dbe6cb1b7442f927) Importer(815301076,1909f56bfc062723c751e8b465ee728b)  -> (artifact id: '5b8ae7c4e68b460fdb7762e4fec1fde3') in 0.004309 seconds 
========================================================================
Received Import Request.
  Time since last request: 1783.538833 seconds.
  path: Assets/Scripts/Test.cs
  artifactKey: Guid(0c262beb54f63a643bf22aad59a58735) Importer(815301076,1909f56bfc062723c751e8b465ee728b)
Start importing Assets/Scripts/Test.cs using Guid(0c262beb54f63a643bf22aad59a58735) Importer(815301076,1909f56bfc062723c751e8b465ee728b)  -> (artifact id: '62920f6c9da707ccb9c097644a6c4a59') in 0.014345 seconds 
========================================================================
Received Prepare
Registering precompiled user dll's ...
Registered in 0.001289 seconds.
Begin MonoManager ReloadAssembly
Native extension for WindowsStandalone target not found
Native extension for WebGL target not found
Refreshing native plugins compatible for Editor in 0.26 ms, found 2 plugins.
Preloading 0 native plugins for Editor in 0.00 ms.
Mono: successfully reloaded assembly
- Completed reload, in  0.553 seconds
Domain Reload Profiling:
	ReloadAssembly (553ms)
		BeginReloadAssembly (84ms)
			ExecutionOrderSort (0ms)
			DisableScriptedObjects (4ms)
			BackupInstance (0ms)
			ReleaseScriptingObjects (0ms)
			CreateAndSetChildDomain (20ms)
		EndReloadAssembly (405ms)
			LoadAssemblies (47ms)
			RebuildTransferFunctionScriptingTraits (0ms)
			SetupTypeCache (115ms)
			ReleaseScriptCaches (1ms)
			RebuildScriptCaches (24ms)
			SetupLoadedEditorAssemblies (192ms)
				LogAssemblyErrors (0ms)
				InitializePlatformSupportModulesInManaged (10ms)
				SetLoadedEditorAssemblies (0ms)
				RefreshPlugins (0ms)
				BeforeProcessingInitializeOnLoad (30ms)
				ProcessInitializeOnLoadAttributes (135ms)
				ProcessInitializeOnLoadMethodAttributes (12ms)
				AfterProcessingInitializeOnLoad (5ms)
				EditorAssembliesLoaded (0ms)
			ExecutionOrderSort2 (0ms)
			AwakeInstancesAfterBackupRestoration (4ms)
Platform modules already initialized, skipping
Refreshing native plugins compatible for Editor in 0.67 ms, found 2 plugins.
Preloading 0 native plugins for Editor in 0.00 ms.
Unloading 1405 Unused Serialized files (Serialized files now loaded: 0)
Unloading 9 unused Assets / (24.6 KB). Loaded Objects now: 1895.
Memory consumption went from 71.3 MB to 71.2 MB.
Total: 1.721500 ms (FindLiveObjects: 0.084500 ms CreateObjectMapping: 0.022300 ms MarkObjects: 1.593700 ms  DeleteObjects: 0.020500 ms)

AssetImportParameters requested are different than current active one (requested -> active):
  custom:video-decoder-ogg-theora: a1e56fd34408186e4bbccfd4996cb3dc -> 
  custom:container-muxer-webm: aa71ff27fc2769a1b78a27578f13a17b -> 
  custom:container-demuxer-webm: 4f35f7cbe854078d1ac9338744f61a02 -> 
  custom:video-encoder-webm-vp8: eb34c28f22e8b96e1ab97ce403110664 -> 
  custom:audio-encoder-webm-vorbis: bf7c407c2cedff20999df2af8eb42d56 -> 
  custom:framework-win-MediaFoundation: 216162199b28c13a410421893ffa2e32 -> 
  custom:container-demuxer-ogg: 62fdf1f143b41e24485cea50d1cbac27 -> 
  custom:video-decoder-webm-vp8: 9c59270c3fd7afecdb556c50c9e8de78 -> 
  custom:audio-decoder-ogg-vorbis: bf7c407c2cedff20999df2af8eb42d56 -> 
========================================================================
Received Prepare
Registering precompiled user dll's ...
Registered in 0.001672 seconds.
Begin MonoManager ReloadAssembly
Native extension for WindowsStandalone target not found
Native extension for WebGL target not found
Refreshing native plugins compatible for Editor in 0.26 ms, found 2 plugins.
Preloading 0 native plugins for Editor in 0.00 ms.
Mono: successfully reloaded assembly
- Completed reload, in  0.557 seconds
Domain Reload Profiling:
	ReloadAssembly (558ms)
		BeginReloadAssembly (89ms)
			ExecutionOrderSort (0ms)
			DisableScriptedObjects (4ms)
			BackupInstance (0ms)
			ReleaseScriptingObjects (0ms)
			CreateAndSetChildDomain (19ms)
		EndReloadAssembly (398ms)
			LoadAssemblies (54ms)
			RebuildTransferFunctionScriptingTraits (0ms)
			SetupTypeCache (109ms)
			ReleaseScriptCaches (1ms)
			RebuildScriptCaches (22ms)
			SetupLoadedEditorAssemblies (191ms)
				LogAssemblyErrors (0ms)
				InitializePlatformSupportModulesInManaged (11ms)
				SetLoadedEditorAssemblies (0ms)
				RefreshPlugins (0ms)
				BeforeProcessingInitializeOnLoad (29ms)
				ProcessInitializeOnLoadAttributes (130ms)
				ProcessInitializeOnLoadMethodAttributes (15ms)
				AfterProcessingInitializeOnLoad (5ms)
				EditorAssembliesLoaded (0ms)
			ExecutionOrderSort2 (0ms)
			AwakeInstancesAfterBackupRestoration (4ms)
Platform modules already initialized, skipping
Refreshing native plugins compatible for Editor in 0.83 ms, found 2 plugins.
Preloading 0 native plugins for Editor in 0.00 ms.
Unloading 1405 Unused Serialized files (Serialized files now loaded: 0)
Unloading 9 unused Assets / (24.6 KB). Loaded Objects now: 1898.
Memory consumption went from 71.3 MB to 71.2 MB.
Total: 1.809900 ms (FindLiveObjects: 0.088000 ms CreateObjectMapping: 0.025900 ms MarkObjects: 1.678300 ms  DeleteObjects: 0.016900 ms)

AssetImportParameters requested are different than current active one (requested -> active):
  custom:video-decoder-ogg-theora: a1e56fd34408186e4bbccfd4996cb3dc -> 
  custom:container-muxer-webm: aa71ff27fc2769a1b78a27578f13a17b -> 
  custom:container-demuxer-webm: 4f35f7cbe854078d1ac9338744f61a02 -> 
  custom:video-encoder-webm-vp8: eb34c28f22e8b96e1ab97ce403110664 -> 
  custom:audio-encoder-webm-vorbis: bf7c407c2cedff20999df2af8eb42d56 -> 
  custom:framework-win-MediaFoundation: 216162199b28c13a410421893ffa2e32 -> 
  custom:container-demuxer-ogg: 62fdf1f143b41e24485cea50d1cbac27 -> 
  custom:video-decoder-webm-vp8: 9c59270c3fd7afecdb556c50c9e8de78 -> 
  custom:audio-decoder-ogg-vorbis: bf7c407c2cedff20999df2af8eb42d56 -> 
========================================================================
Received Prepare
Registering precompiled user dll's ...
Registered in 0.001628 seconds.
Begin MonoManager ReloadAssembly
Native extension for WindowsStandalone target not found
Native extension for WebGL target not found
Refreshing native plugins compatible for Editor in 0.27 ms, found 2 plugins.
Preloading 0 native plugins for Editor in 0.00 ms.
Mono: successfully reloaded assembly
- Completed reload, in  0.561 seconds
Domain Reload Profiling:
	ReloadAssembly (562ms)
		BeginReloadAssembly (82ms)
			ExecutionOrderSort (0ms)
			DisableScriptedObjects (4ms)
			BackupInstance (0ms)
			ReleaseScriptingObjects (0ms)
			CreateAndSetChildDomain (18ms)
		EndReloadAssembly (415ms)
			LoadAssemblies (47ms)
			RebuildTransferFunctionScriptingTraits (0ms)
			SetupTypeCache (110ms)
			ReleaseScriptCaches (1ms)
			RebuildScriptCaches (22ms)
			SetupLoadedEditorAssemblies (202ms)
				LogAssemblyErrors (0ms)
				InitializePlatformSupportModulesInManaged (11ms)
				SetLoadedEditorAssemblies (0ms)
				RefreshPlugins (0ms)
				BeforeProcessingInitializeOnLoad (29ms)
				ProcessInitializeOnLoadAttributes (140ms)
				ProcessInitializeOnLoadMethodAttributes (16ms)
				AfterProcessingInitializeOnLoad (5ms)
				EditorAssembliesLoaded (0ms)
			ExecutionOrderSort2 (0ms)
			AwakeInstancesAfterBackupRestoration (5ms)
Platform modules already initialized, skipping
Refreshing native plugins compatible for Editor in 0.72 ms, found 2 plugins.
Preloading 0 native plugins for Editor in 0.00 ms.
Unloading 1405 Unused Serialized files (Serialized files now loaded: 0)
Unloading 9 unused Assets / (24.6 KB). Loaded Objects now: 1901.
Memory consumption went from 71.3 MB to 71.2 MB.
Total: 1.833200 ms (FindLiveObjects: 0.091800 ms CreateObjectMapping: 0.026000 ms MarkObjects: 1.699400 ms  DeleteObjects: 0.014900 ms)

AssetImportParameters requested are different than current active one (requested -> active):
  custom:video-decoder-ogg-theora: a1e56fd34408186e4bbccfd4996cb3dc -> 
  custom:container-muxer-webm: aa71ff27fc2769a1b78a27578f13a17b -> 
  custom:container-demuxer-webm: 4f35f7cbe854078d1ac9338744f61a02 -> 
  custom:video-encoder-webm-vp8: eb34c28f22e8b96e1ab97ce403110664 -> 
  custom:audio-encoder-webm-vorbis: bf7c407c2cedff20999df2af8eb42d56 -> 
  custom:framework-win-MediaFoundation: 216162199b28c13a410421893ffa2e32 -> 
  custom:container-demuxer-ogg: 62fdf1f143b41e24485cea50d1cbac27 -> 
  custom:video-decoder-webm-vp8: 9c59270c3fd7afecdb556c50c9e8de78 -> 
  custom:audio-decoder-ogg-vorbis: bf7c407c2cedff20999df2af8eb42d56 -> 
========================================================================
Received Prepare
Registering precompiled user dll's ...
Registered in 0.001880 seconds.
Begin MonoManager ReloadAssembly
Native extension for WindowsStandalone target not found
Native extension for WebGL target not found
Refreshing native plugins compatible for Editor in 0.28 ms, found 2 plugins.
Preloading 0 native plugins for Editor in 0.00 ms.
Mono: successfully reloaded assembly
- Completed reload, in  0.542 seconds
Domain Reload Profiling:
	ReloadAssembly (542ms)
		BeginReloadAssembly (80ms)
			ExecutionOrderSort (0ms)
			DisableScriptedObjects (4ms)
			BackupInstance (0ms)
			ReleaseScriptingObjects (0ms)
			CreateAndSetChildDomain (17ms)
		EndReloadAssembly (398ms)
			LoadAssemblies (46ms)
			RebuildTransferFunctionScriptingTraits (0ms)
			SetupTypeCache (107ms)
			ReleaseScriptCaches (1ms)
			RebuildScriptCaches (22ms)
			SetupLoadedEditorAssemblies (195ms)
				LogAssemblyErrors (0ms)
				InitializePlatformSupportModulesInManaged (10ms)
				SetLoadedEditorAssemblies (0ms)
				RefreshPlugins (0ms)
				BeforeProcessingInitializeOnLoad (30ms)
				ProcessInitializeOnLoadAttributes (136ms)
				ProcessInitializeOnLoadMethodAttributes (14ms)
				AfterProcessingInitializeOnLoad (5ms)
				EditorAssembliesLoaded (0ms)
			ExecutionOrderSort2 (0ms)
			AwakeInstancesAfterBackupRestoration (5ms)
Platform modules already initialized, skipping
Refreshing native plugins compatible for Editor in 0.93 ms, found 2 plugins.
Preloading 0 native plugins for Editor in 0.00 ms.
Unloading 1405 Unused Serialized files (Serialized files now loaded: 0)
Unloading 9 unused Assets / (24.6 KB). Loaded Objects now: 1904.
Memory consumption went from 71.3 MB to 71.3 MB.
Total: 1.821500 ms (FindLiveObjects: 0.088000 ms CreateObjectMapping: 0.025900 ms MarkObjects: 1.691100 ms  DeleteObjects: 0.015500 ms)

AssetImportParameters requested are different than current active one (requested -> active):
  custom:video-decoder-ogg-theora: a1e56fd34408186e4bbccfd4996cb3dc -> 
  custom:container-muxer-webm: aa71ff27fc2769a1b78a27578f13a17b -> 
  custom:container-demuxer-webm: 4f35f7cbe854078d1ac9338744f61a02 -> 
  custom:video-encoder-webm-vp8: eb34c28f22e8b96e1ab97ce403110664 -> 
  custom:audio-encoder-webm-vorbis: bf7c407c2cedff20999df2af8eb42d56 -> 
  custom:framework-win-MediaFoundation: 216162199b28c13a410421893ffa2e32 -> 
  custom:container-demuxer-ogg: 62fdf1f143b41e24485cea50d1cbac27 -> 
  custom:video-decoder-webm-vp8: 9c59270c3fd7afecdb556c50c9e8de78 -> 
  custom:audio-decoder-ogg-vorbis: bf7c407c2cedff20999df2af8eb42d56 -> 
========================================================================
Received Prepare
Registering precompiled user dll's ...
Registered in 0.001654 seconds.
Begin MonoManager ReloadAssembly
Native extension for WindowsStandalone target not found
Native extension for WebGL target not found
Refreshing native plugins compatible for Editor in 0.26 ms, found 2 plugins.
Preloading 0 native plugins for Editor in 0.00 ms.
Mono: successfully reloaded assembly
- Completed reload, in  0.550 seconds
Domain Reload Profiling:
	ReloadAssembly (551ms)
		BeginReloadAssembly (83ms)
			ExecutionOrderSort (0ms)
			DisableScriptedObjects (4ms)
			BackupInstance (0ms)
			ReleaseScriptingObjects (0ms)
			CreateAndSetChildDomain (18ms)
		EndReloadAssembly (395ms)
			LoadAssemblies (47ms)
			RebuildTransferFunctionScriptingTraits (0ms)
			SetupTypeCache (114ms)
			ReleaseScriptCaches (1ms)
			RebuildScriptCaches (27ms)
			SetupLoadedEditorAssemblies (182ms)
				LogAssemblyErrors (0ms)
				InitializePlatformSupportModulesInManaged (10ms)
				SetLoadedEditorAssemblies (0ms)
				RefreshPlugins (0ms)
				BeforeProcessingInitializeOnLoad (29ms)
				ProcessInitializeOnLoadAttributes (125ms)
				ProcessInitializeOnLoadMethodAttributes (12ms)
				AfterProcessingInitializeOnLoad (5ms)
				EditorAssembliesLoaded (0ms)
			ExecutionOrderSort2 (0ms)
			AwakeInstancesAfterBackupRestoration (4ms)
Platform modules already initialized, skipping
Refreshing native plugins compatible for Editor in 0.78 ms, found 2 plugins.
Preloading 0 native plugins for Editor in 0.00 ms.
Unloading 1405 Unused Serialized files (Serialized files now loaded: 0)
Unloading 9 unused Assets / (24.6 KB). Loaded Objects now: 1907.
Memory consumption went from 71.3 MB to 71.3 MB.
Total: 1.850000 ms (FindLiveObjects: 0.114800 ms CreateObjectMapping: 0.070900 ms MarkObjects: 1.645400 ms  DeleteObjects: 0.018000 ms)

AssetImportParameters requested are different than current active one (requested -> active):
  custom:video-decoder-ogg-theora: a1e56fd34408186e4bbccfd4996cb3dc -> 
  custom:container-muxer-webm: aa71ff27fc2769a1b78a27578f13a17b -> 
  custom:container-demuxer-webm: 4f35f7cbe854078d1ac9338744f61a02 -> 
  custom:video-encoder-webm-vp8: eb34c28f22e8b96e1ab97ce403110664 -> 
  custom:audio-encoder-webm-vorbis: bf7c407c2cedff20999df2af8eb42d56 -> 
  custom:framework-win-MediaFoundation: 216162199b28c13a410421893ffa2e32 -> 
  custom:container-demuxer-ogg: 62fdf1f143b41e24485cea50d1cbac27 -> 
  custom:video-decoder-webm-vp8: 9c59270c3fd7afecdb556c50c9e8de78 -> 
  custom:audio-decoder-ogg-vorbis: bf7c407c2cedff20999df2af8eb42d56 -> 
========================================================================
Received Prepare
Registering precompiled user dll's ...
Registered in 0.001474 seconds.
Begin MonoManager ReloadAssembly
Native extension for WindowsStandalone target not found
Native extension for WebGL target not found
Refreshing native plugins compatible for Editor in 0.27 ms, found 2 plugins.
Preloading 0 native plugins for Editor in 0.00 ms.
Mono: successfully reloaded assembly
- Completed reload, in  0.558 seconds
Domain Reload Profiling:
	ReloadAssembly (559ms)
		BeginReloadAssembly (85ms)
			ExecutionOrderSort (0ms)
			DisableScriptedObjects (4ms)
			BackupInstance (0ms)
			ReleaseScriptingObjects (0ms)
			CreateAndSetChildDomain (20ms)
		EndReloadAssembly (405ms)
			LoadAssemblies (47ms)
			RebuildTransferFunctionScriptingTraits (0ms)
			SetupTypeCache (119ms)
			ReleaseScriptCaches (1ms)
			RebuildScriptCaches (24ms)
			SetupLoadedEditorAssemblies (188ms)
				LogAssemblyErrors (0ms)
				InitializePlatformSupportModulesInManaged (11ms)
				SetLoadedEditorAssemblies (0ms)
				RefreshPlugins (0ms)
				BeforeProcessingInitializeOnLoad (29ms)
				ProcessInitializeOnLoadAttributes (131ms)
				ProcessInitializeOnLoadMethodAttributes (12ms)
				AfterProcessingInitializeOnLoad (4ms)
				EditorAssembliesLoaded (0ms)
			ExecutionOrderSort2 (0ms)
			AwakeInstancesAfterBackupRestoration (4ms)
Platform modules already initialized, skipping
Refreshing native plugins compatible for Editor in 0.71 ms, found 2 plugins.
Preloading 0 native plugins for Editor in 0.00 ms.
Unloading 1405 Unused Serialized files (Serialized files now loaded: 0)
Unloading 9 unused Assets / (24.6 KB). Loaded Objects now: 1910.
Memory consumption went from 71.3 MB to 71.3 MB.
Total: 1.816600 ms (FindLiveObjects: 0.092000 ms CreateObjectMapping: 0.026700 ms MarkObjects: 1.681000 ms  DeleteObjects: 0.016100 ms)

AssetImportParameters requested are different than current active one (requested -> active):
  custom:video-decoder-ogg-theora: a1e56fd34408186e4bbccfd4996cb3dc -> 
  custom:container-muxer-webm: aa71ff27fc2769a1b78a27578f13a17b -> 
  custom:container-demuxer-webm: 4f35f7cbe854078d1ac9338744f61a02 -> 
  custom:video-encoder-webm-vp8: eb34c28f22e8b96e1ab97ce403110664 -> 
  custom:audio-encoder-webm-vorbis: bf7c407c2cedff20999df2af8eb42d56 -> 
  custom:framework-win-MediaFoundation: 216162199b28c13a410421893ffa2e32 -> 
  custom:container-demuxer-ogg: 62fdf1f143b41e24485cea50d1cbac27 -> 
  custom:video-decoder-webm-vp8: 9c59270c3fd7afecdb556c50c9e8de78 -> 
  custom:audio-decoder-ogg-vorbis: bf7c407c2cedff20999df2af8eb42d56 -> 
========================================================================
Received Prepare
Registering precompiled user dll's ...
Registered in 0.001647 seconds.
Begin MonoManager ReloadAssembly
Native extension for WindowsStandalone target not found
Native extension for WebGL target not found
Refreshing native plugins compatible for Editor in 0.25 ms, found 2 plugins.
Preloading 0 native plugins for Editor in 0.00 ms.
Mono: successfully reloaded assembly
- Completed reload, in  0.543 seconds
Domain Reload Profiling:
	ReloadAssembly (543ms)
		BeginReloadAssembly (80ms)
			ExecutionOrderSort (0ms)
			DisableScriptedObjects (4ms)
			BackupInstance (0ms)
			ReleaseScriptingObjects (0ms)
			CreateAndSetChildDomain (17ms)
		EndReloadAssembly (398ms)
			LoadAssemblies (46ms)
			RebuildTransferFunctionScriptingTraits (0ms)
			SetupTypeCache (112ms)
			ReleaseScriptCaches (1ms)
			RebuildScriptCaches (22ms)
			SetupLoadedEditorAssemblies (194ms)
				LogAssemblyErrors (0ms)
				InitializePlatformSupportModulesInManaged (10ms)
				SetLoadedEditorAssemblies (0ms)
				RefreshPlugins (0ms)
				BeforeProcessingInitializeOnLoad (29ms)
				ProcessInitializeOnLoadAttributes (139ms)
				ProcessInitializeOnLoadMethodAttributes (12ms)
				AfterProcessingInitializeOnLoad (4ms)
				EditorAssembliesLoaded (0ms)
			ExecutionOrderSort2 (0ms)
			AwakeInstancesAfterBackupRestoration (4ms)
Platform modules already initialized, skipping
Refreshing native plugins compatible for Editor in 0.77 ms, found 2 plugins.
Preloading 0 native plugins for Editor in 0.00 ms.
Unloading 1405 Unused Serialized files (Serialized files now loaded: 0)
Unloading 9 unused Assets / (24.7 KB). Loaded Objects now: 1913.
Memory consumption went from 71.3 MB to 71.3 MB.
Total: 1.717400 ms (FindLiveObjects: 0.091700 ms CreateObjectMapping: 0.027300 ms MarkObjects: 1.582500 ms  DeleteObjects: 0.015100 ms)

AssetImportParameters requested are different than current active one (requested -> active):
  custom:video-decoder-ogg-theora: a1e56fd34408186e4bbccfd4996cb3dc -> 
  custom:container-muxer-webm: aa71ff27fc2769a1b78a27578f13a17b -> 
  custom:container-demuxer-webm: 4f35f7cbe854078d1ac9338744f61a02 -> 
  custom:video-encoder-webm-vp8: eb34c28f22e8b96e1ab97ce403110664 -> 
  custom:audio-encoder-webm-vorbis: bf7c407c2cedff20999df2af8eb42d56 -> 
  custom:framework-win-MediaFoundation: 216162199b28c13a410421893ffa2e32 -> 
  custom:container-demuxer-ogg: 62fdf1f143b41e24485cea50d1cbac27 -> 
  custom:video-decoder-webm-vp8: 9c59270c3fd7afecdb556c50c9e8de78 -> 
  custom:audio-decoder-ogg-vorbis: bf7c407c2cedff20999df2af8eb42d56 -> 
========================================================================
Received Prepare
Registering precompiled user dll's ...
Registered in 0.001870 seconds.
Begin MonoManager ReloadAssembly
Native extension for WindowsStandalone target not found
Native extension for WebGL target not found
Refreshing native plugins compatible for Editor in 0.39 ms, found 2 plugins.
Preloading 0 native plugins for Editor in 0.00 ms.
Mono: successfully reloaded assembly
- Completed reload, in  0.537 seconds
Domain Reload Profiling:
	ReloadAssembly (537ms)
		BeginReloadAssembly (80ms)
			ExecutionOrderSort (0ms)
			DisableScriptedObjects (4ms)
			BackupInstance (0ms)
			ReleaseScriptingObjects (0ms)
			CreateAndSetChildDomain (17ms)
		EndReloadAssembly (389ms)
			LoadAssemblies (46ms)
			RebuildTransferFunctionScriptingTraits (0ms)
			SetupTypeCache (105ms)
			ReleaseScriptCaches (1ms)
			RebuildScriptCaches (24ms)
			SetupLoadedEditorAssemblies (188ms)
				LogAssemblyErrors (0ms)
				InitializePlatformSupportModulesInManaged (10ms)
				SetLoadedEditorAssemblies (0ms)
				RefreshPlugins (0ms)
				BeforeProcessingInitializeOnLoad (30ms)
				ProcessInitializeOnLoadAttributes (130ms)
				ProcessInitializeOnLoadMethodAttributes (12ms)
				AfterProcessingInitializeOnLoad (4ms)
				EditorAssembliesLoaded (0ms)
			ExecutionOrderSort2 (0ms)
			AwakeInstancesAfterBackupRestoration (4ms)
Platform modules already initialized, skipping
Refreshing native plugins compatible for Editor in 0.69 ms, found 2 plugins.
Preloading 0 native plugins for Editor in 0.00 ms.
Unloading 1405 Unused Serialized files (Serialized files now loaded: 0)
Unloading 9 unused Assets / (24.6 KB). Loaded Objects now: 1916.
Memory consumption went from 71.3 MB to 71.3 MB.
Total: 1.699300 ms (FindLiveObjects: 0.087200 ms CreateObjectMapping: 0.026000 ms MarkObjects: 1.571900 ms  DeleteObjects: 0.013200 ms)

AssetImportParameters requested are different than current active one (requested -> active):
  custom:video-decoder-ogg-theora: a1e56fd34408186e4bbccfd4996cb3dc -> 
  custom:container-muxer-webm: aa71ff27fc2769a1b78a27578f13a17b -> 
  custom:container-demuxer-webm: 4f35f7cbe854078d1ac9338744f61a02 -> 
  custom:video-encoder-webm-vp8: eb34c28f22e8b96e1ab97ce403110664 -> 
  custom:audio-encoder-webm-vorbis: bf7c407c2cedff20999df2af8eb42d56 -> 
  custom:framework-win-MediaFoundation: 216162199b28c13a410421893ffa2e32 -> 
  custom:container-demuxer-ogg: 62fdf1f143b41e24485cea50d1cbac27 -> 
  custom:video-decoder-webm-vp8: 9c59270c3fd7afecdb556c50c9e8de78 -> 
  custom:audio-decoder-ogg-vorbis: bf7c407c2cedff20999df2af8eb42d56 -> 
========================================================================
Received Prepare
Registering precompiled user dll's ...
Registered in 0.001455 seconds.
Begin MonoManager ReloadAssembly
Native extension for WindowsStandalone target not found
Native extension for WebGL target not found
Refreshing native plugins compatible for Editor in 0.26 ms, found 2 plugins.
Preloading 0 native plugins for Editor in 0.00 ms.
Mono: successfully reloaded assembly
- Completed reload, in  0.548 seconds
Domain Reload Profiling:
	ReloadAssembly (548ms)
		BeginReloadAssembly (79ms)
			ExecutionOrderSort (0ms)
			DisableScriptedObjects (4ms)
			BackupInstance (0ms)
			ReleaseScriptingObjects (0ms)
			CreateAndSetChildDomain (17ms)
		EndReloadAssembly (395ms)
			LoadAssemblies (44ms)
			RebuildTransferFunctionScriptingTraits (0ms)
			SetupTypeCache (111ms)
			ReleaseScriptCaches (1ms)
			RebuildScriptCaches (22ms)
			SetupLoadedEditorAssemblies (185ms)
				LogAssemblyErrors (0ms)
				InitializePlatformSupportModulesInManaged (10ms)
				SetLoadedEditorAssemblies (0ms)
				RefreshPlugins (0ms)
				BeforeProcessingInitializeOnLoad (29ms)
				ProcessInitializeOnLoadAttributes (128ms)
				ProcessInitializeOnLoadMethodAttributes (13ms)
				AfterProcessingInitializeOnLoad (4ms)
				EditorAssembliesLoaded (0ms)
			ExecutionOrderSort2 (0ms)
			AwakeInstancesAfterBackupRestoration (4ms)
Platform modules already initialized, skipping
Refreshing native plugins compatible for Editor in 0.83 ms, found 2 plugins.
Preloading 0 native plugins for Editor in 0.00 ms.
Unloading 1405 Unused Serialized files (Serialized files now loaded: 0)
Unloading 9 unused Assets / (24.6 KB). Loaded Objects now: 1919.
Memory consumption went from 71.3 MB to 71.3 MB.
Total: 1.722300 ms (FindLiveObjects: 0.089700 ms CreateObjectMapping: 0.024700 ms MarkObjects: 1.593100 ms  DeleteObjects: 0.014100 ms)

AssetImportParameters requested are different than current active one (requested -> active):
  custom:video-decoder-ogg-theora: a1e56fd34408186e4bbccfd4996cb3dc -> 
  custom:container-muxer-webm: aa71ff27fc2769a1b78a27578f13a17b -> 
  custom:container-demuxer-webm: 4f35f7cbe854078d1ac9338744f61a02 -> 
  custom:video-encoder-webm-vp8: eb34c28f22e8b96e1ab97ce403110664 -> 
  custom:audio-encoder-webm-vorbis: bf7c407c2cedff20999df2af8eb42d56 -> 
  custom:framework-win-MediaFoundation: 216162199b28c13a410421893ffa2e32 -> 
  custom:container-demuxer-ogg: 62fdf1f143b41e24485cea50d1cbac27 -> 
  custom:video-decoder-webm-vp8: 9c59270c3fd7afecdb556c50c9e8de78 -> 
  custom:audio-decoder-ogg-vorbis: bf7c407c2cedff20999df2af8eb42d56 -> 
========================================================================
Received Prepare
Registering precompiled user dll's ...
Registered in 0.001603 seconds.
Begin MonoManager ReloadAssembly
Native extension for WindowsStandalone target not found
Native extension for WebGL target not found
Refreshing native plugins compatible for Editor in 0.26 ms, found 2 plugins.
Preloading 0 native plugins for Editor in 0.00 ms.
Mono: successfully reloaded assembly
- Completed reload, in  0.549 seconds
Domain Reload Profiling:
	ReloadAssembly (550ms)
		BeginReloadAssembly (82ms)
			ExecutionOrderSort (0ms)
			DisableScriptedObjects (4ms)
			BackupInstance (0ms)
			ReleaseScriptingObjects (0ms)
			CreateAndSetChildDomain (18ms)
		EndReloadAssembly (404ms)
			LoadAssemblies (46ms)
			RebuildTransferFunctionScriptingTraits (0ms)
			SetupTypeCache (122ms)
			ReleaseScriptCaches (1ms)
			RebuildScriptCaches (23ms)
			SetupLoadedEditorAssemblies (188ms)
				LogAssemblyErrors (0ms)
				InitializePlatformSupportModulesInManaged (11ms)
				SetLoadedEditorAssemblies (0ms)
				RefreshPlugins (0ms)
				BeforeProcessingInitializeOnLoad (30ms)
				ProcessInitializeOnLoadAttributes (125ms)
				ProcessInitializeOnLoadMethodAttributes (17ms)
				AfterProcessingInitializeOnLoad (5ms)
				EditorAssembliesLoaded (0ms)
			ExecutionOrderSort2 (0ms)
			AwakeInstancesAfterBackupRestoration (4ms)
Platform modules already initialized, skipping
Refreshing native plugins compatible for Editor in 0.70 ms, found 2 plugins.
Preloading 0 native plugins for Editor in 0.00 ms.
Unloading 1405 Unused Serialized files (Serialized files now loaded: 0)
Unloading 9 unused Assets / (24.6 KB). Loaded Objects now: 1922.
Memory consumption went from 71.3 MB to 71.3 MB.
Total: 1.685600 ms (FindLiveObjects: 0.087700 ms CreateObjectMapping: 0.026500 ms MarkObjects: 1.558900 ms  DeleteObjects: 0.011900 ms)

AssetImportParameters requested are different than current active one (requested -> active):
  custom:video-decoder-ogg-theora: a1e56fd34408186e4bbccfd4996cb3dc -> 
  custom:container-muxer-webm: aa71ff27fc2769a1b78a27578f13a17b -> 
  custom:container-demuxer-webm: 4f35f7cbe854078d1ac9338744f61a02 -> 
  custom:video-encoder-webm-vp8: eb34c28f22e8b96e1ab97ce403110664 -> 
  custom:audio-encoder-webm-vorbis: bf7c407c2cedff20999df2af8eb42d56 -> 
  custom:framework-win-MediaFoundation: 216162199b28c13a410421893ffa2e32 -> 
  custom:container-demuxer-ogg: 62fdf1f143b41e24485cea50d1cbac27 -> 
  custom:video-decoder-webm-vp8: 9c59270c3fd7afecdb556c50c9e8de78 -> 
  custom:audio-decoder-ogg-vorbis: bf7c407c2cedff20999df2af8eb42d56 -> 
========================================================================
Received Prepare
Registering precompiled user dll's ...
Registered in 0.001575 seconds.
Begin MonoManager ReloadAssembly
Native extension for WindowsStandalone target not found
Native extension for WebGL target not found
Refreshing native plugins compatible for Editor in 0.28 ms, found 2 plugins.
Preloading 0 native plugins for Editor in 0.00 ms.
Mono: successfully reloaded assembly
- Completed reload, in  0.536 seconds
Domain Reload Profiling:
	ReloadAssembly (537ms)
		BeginReloadAssembly (82ms)
			ExecutionOrderSort (0ms)
			DisableScriptedObjects (4ms)
			BackupInstance (0ms)
			ReleaseScriptingObjects (0ms)
			CreateAndSetChildDomain (18ms)
		EndReloadAssembly (387ms)
			LoadAssemblies (46ms)
			RebuildTransferFunctionScriptingTraits (0ms)
			SetupTypeCache (109ms)
			ReleaseScriptCaches (1ms)
			RebuildScriptCaches (24ms)
			SetupLoadedEditorAssemblies (184ms)
				LogAssemblyErrors (0ms)
				InitializePlatformSupportModulesInManaged (10ms)
				SetLoadedEditorAssemblies (0ms)
				RefreshPlugins (0ms)
				BeforeProcessingInitializeOnLoad (30ms)
				ProcessInitializeOnLoadAttributes (127ms)
				ProcessInitializeOnLoadMethodAttributes (12ms)
				AfterProcessingInitializeOnLoad (4ms)
				EditorAssembliesLoaded (0ms)
			ExecutionOrderSort2 (0ms)
			AwakeInstancesAfterBackupRestoration (4ms)
Platform modules already initialized, skipping
Refreshing native plugins compatible for Editor in 0.68 ms, found 2 plugins.
Preloading 0 native plugins for Editor in 0.00 ms.
Unloading 1405 Unused Serialized files (Serialized files now loaded: 0)
Unloading 9 unused Assets / (24.6 KB). Loaded Objects now: 1925.
Memory consumption went from 71.3 MB to 71.3 MB.
Total: 1.726400 ms (FindLiveObjects: 0.090200 ms CreateObjectMapping: 0.027800 ms MarkObjects: 1.594800 ms  DeleteObjects: 0.012900 ms)

AssetImportParameters requested are different than current active one (requested -> active):
  custom:video-decoder-ogg-theora: a1e56fd34408186e4bbccfd4996cb3dc -> 
  custom:container-muxer-webm: aa71ff27fc2769a1b78a27578f13a17b -> 
  custom:container-demuxer-webm: 4f35f7cbe854078d1ac9338744f61a02 -> 
  custom:video-encoder-webm-vp8: eb34c28f22e8b96e1ab97ce403110664 -> 
  custom:audio-encoder-webm-vorbis: bf7c407c2cedff20999df2af8eb42d56 -> 
  custom:framework-win-MediaFoundation: 216162199b28c13a410421893ffa2e32 -> 
  custom:container-demuxer-ogg: 62fdf1f143b41e24485cea50d1cbac27 -> 
  custom:video-decoder-webm-vp8: 9c59270c3fd7afecdb556c50c9e8de78 -> 
  custom:audio-decoder-ogg-vorbis: bf7c407c2cedff20999df2af8eb42d56 -> 
========================================================================
Received Import Request.
  Time since last request: 3230.256371 seconds.
  path: Assets/Scripts/MyGizmo.cs
  artifactKey: Guid(ae8634acec13f804187eeefcf0dfeaf8) Importer(815301076,1909f56bfc062723c751e8b465ee728b)
Start importing Assets/Scripts/MyGizmo.cs using Guid(ae8634acec13f804187eeefcf0dfeaf8) Importer(815301076,1909f56bfc062723c751e8b465ee728b)  -> (artifact id: 'b92b464e102d9d4172e6cedc0c5d5a91') in 0.006357 seconds 
========================================================================
Received Prepare
Registering precompiled user dll's ...
Registered in 0.001557 seconds.
Begin MonoManager ReloadAssembly
Native extension for WindowsStandalone target not found
Native extension for WebGL target not found
Refreshing native plugins compatible for Editor in 0.25 ms, found 2 plugins.
Preloading 0 native plugins for Editor in 0.00 ms.
Mono: successfully reloaded assembly
- Completed reload, in  0.536 seconds
Domain Reload Profiling:
	ReloadAssembly (537ms)
		BeginReloadAssembly (85ms)
			ExecutionOrderSort (0ms)
			DisableScriptedObjects (4ms)
			BackupInstance (0ms)
			ReleaseScriptingObjects (0ms)
			CreateAndSetChildDomain (20ms)
		EndReloadAssembly (387ms)
			LoadAssemblies (46ms)
			RebuildTransferFunctionScriptingTraits (0ms)
			SetupTypeCache (107ms)
			ReleaseScriptCaches (1ms)
			RebuildScriptCaches (22ms)
			SetupLoadedEditorAssemblies (186ms)
				LogAssemblyErrors (0ms)
				InitializePlatformSupportModulesInManaged (10ms)
				SetLoadedEditorAssemblies (0ms)
				RefreshPlugins (0ms)
				BeforeProcessingInitializeOnLoad (31ms)
				ProcessInitializeOnLoadAttributes (128ms)
				ProcessInitializeOnLoadMethodAttributes (13ms)
				AfterProcessingInitializeOnLoad (4ms)
				EditorAssembliesLoaded (0ms)
			ExecutionOrderSort2 (0ms)
			AwakeInstancesAfterBackupRestoration (4ms)
Platform modules already initialized, skipping
Refreshing native plugins compatible for Editor in 0.73 ms, found 2 plugins.
Preloading 0 native plugins for Editor in 0.00 ms.
Unloading 1405 Unused Serialized files (Serialized files now loaded: 0)
Unloading 9 unused Assets / (24.6 KB). Loaded Objects now: 1928.
Memory consumption went from 71.3 MB to 71.3 MB.
Total: 1.775800 ms (FindLiveObjects: 0.088900 ms CreateObjectMapping: 0.027400 ms MarkObjects: 1.642800 ms  DeleteObjects: 0.015400 ms)

AssetImportParameters requested are different than current active one (requested -> active):
  custom:video-decoder-ogg-theora: a1e56fd34408186e4bbccfd4996cb3dc -> 
  custom:container-muxer-webm: aa71ff27fc2769a1b78a27578f13a17b -> 
  custom:container-demuxer-webm: 4f35f7cbe854078d1ac9338744f61a02 -> 
  custom:video-encoder-webm-vp8: eb34c28f22e8b96e1ab97ce403110664 -> 
  custom:audio-encoder-webm-vorbis: bf7c407c2cedff20999df2af8eb42d56 -> 
  custom:framework-win-MediaFoundation: 216162199b28c13a410421893ffa2e32 -> 
  custom:container-demuxer-ogg: 62fdf1f143b41e24485cea50d1cbac27 -> 
  custom:video-decoder-webm-vp8: 9c59270c3fd7afecdb556c50c9e8de78 -> 
  custom:audio-decoder-ogg-vorbis: bf7c407c2cedff20999df2af8eb42d56 -> 
========================================================================
Received Prepare
Registering precompiled user dll's ...
Registered in 0.001783 seconds.
Begin MonoManager ReloadAssembly
Native extension for WindowsStandalone target not found
Native extension for WebGL target not found
Refreshing native plugins compatible for Editor in 0.28 ms, found 2 plugins.
Preloading 0 native plugins for Editor in 0.00 ms.
Mono: successfully reloaded assembly
- Completed reload, in  0.550 seconds
Domain Reload Profiling:
	ReloadAssembly (551ms)
		BeginReloadAssembly (81ms)
			ExecutionOrderSort (0ms)
			DisableScriptedObjects (4ms)
			BackupInstance (0ms)
			ReleaseScriptingObjects (0ms)
			CreateAndSetChildDomain (18ms)
		EndReloadAssembly (405ms)
			LoadAssemblies (48ms)
			RebuildTransferFunctionScriptingTraits (0ms)
			SetupTypeCache (117ms)
			ReleaseScriptCaches (1ms)
			RebuildScriptCaches (22ms)
			SetupLoadedEditorAssemblies (190ms)
				LogAssemblyErrors (0ms)
				InitializePlatformSupportModulesInManaged (10ms)
				SetLoadedEditorAssemblies (0ms)
				RefreshPlugins (0ms)
				BeforeProcessingInitializeOnLoad (30ms)
				ProcessInitializeOnLoadAttributes (132ms)
				ProcessInitializeOnLoadMethodAttributes (14ms)
				AfterProcessingInitializeOnLoad (5ms)
				EditorAssembliesLoaded (0ms)
			ExecutionOrderSort2 (0ms)
			AwakeInstancesAfterBackupRestoration (5ms)
Platform modules already initialized, skipping
Refreshing native plugins compatible for Editor in 0.72 ms, found 2 plugins.
Preloading 0 native plugins for Editor in 0.00 ms.
Unloading 1405 Unused Serialized files (Serialized files now loaded: 0)
Unloading 9 unused Assets / (24.6 KB). Loaded Objects now: 1931.
Memory consumption went from 71.3 MB to 71.3 MB.
Total: 1.672500 ms (FindLiveObjects: 0.086400 ms CreateObjectMapping: 0.025700 ms MarkObjects: 1.546600 ms  DeleteObjects: 0.013300 ms)

AssetImportParameters requested are different than current active one (requested -> active):
  custom:video-decoder-ogg-theora: a1e56fd34408186e4bbccfd4996cb3dc -> 
  custom:container-muxer-webm: aa71ff27fc2769a1b78a27578f13a17b -> 
  custom:container-demuxer-webm: 4f35f7cbe854078d1ac9338744f61a02 -> 
  custom:video-encoder-webm-vp8: eb34c28f22e8b96e1ab97ce403110664 -> 
  custom:audio-encoder-webm-vorbis: bf7c407c2cedff20999df2af8eb42d56 -> 
  custom:framework-win-MediaFoundation: 216162199b28c13a410421893ffa2e32 -> 
  custom:container-demuxer-ogg: 62fdf1f143b41e24485cea50d1cbac27 -> 
  custom:video-decoder-webm-vp8: 9c59270c3fd7afecdb556c50c9e8de78 -> 
  custom:audio-decoder-ogg-vorbis: bf7c407c2cedff20999df2af8eb42d56 -> 
========================================================================
Received Prepare
Registering precompiled user dll's ...
Registered in 0.001285 seconds.
Begin MonoManager ReloadAssembly
Native extension for WindowsStandalone target not found
Native extension for WebGL target not found
Refreshing native plugins compatible for Editor in 0.26 ms, found 2 plugins.
Preloading 0 native plugins for Editor in 0.00 ms.
Mono: successfully reloaded assembly
- Completed reload, in  0.543 seconds
Domain Reload Profiling:
	ReloadAssembly (543ms)
		BeginReloadAssembly (81ms)
			ExecutionOrderSort (0ms)
			DisableScriptedObjects (4ms)
			BackupInstance (0ms)
			ReleaseScriptingObjects (0ms)
			CreateAndSetChildDomain (18ms)
		EndReloadAssembly (392ms)
			LoadAssemblies (46ms)
			RebuildTransferFunctionScriptingTraits (0ms)
			SetupTypeCache (117ms)
			ReleaseScriptCaches (1ms)
			RebuildScriptCaches (23ms)
			SetupLoadedEditorAssemblies (180ms)
				LogAssemblyErrors (0ms)
				InitializePlatformSupportModulesInManaged (10ms)
				SetLoadedEditorAssemblies (0ms)
				RefreshPlugins (0ms)
				BeforeProcessingInitializeOnLoad (29ms)
				ProcessInitializeOnLoadAttributes (125ms)
				ProcessInitializeOnLoadMethodAttributes (12ms)
				AfterProcessingInitializeOnLoad (5ms)
				EditorAssembliesLoaded (0ms)
			ExecutionOrderSort2 (0ms)
			AwakeInstancesAfterBackupRestoration (4ms)
Platform modules already initialized, skipping
Refreshing native plugins compatible for Editor in 0.71 ms, found 2 plugins.
Preloading 0 native plugins for Editor in 0.00 ms.
Unloading 1405 Unused Serialized files (Serialized files now loaded: 0)
Unloading 9 unused Assets / (24.8 KB). Loaded Objects now: 1934.
Memory consumption went from 71.3 MB to 71.3 MB.
Total: 1.718000 ms (FindLiveObjects: 0.090600 ms CreateObjectMapping: 0.024900 ms MarkObjects: 1.587000 ms  DeleteObjects: 0.014100 ms)

AssetImportParameters requested are different than current active one (requested -> active):
  custom:video-decoder-ogg-theora: a1e56fd34408186e4bbccfd4996cb3dc -> 
  custom:container-muxer-webm: aa71ff27fc2769a1b78a27578f13a17b -> 
  custom:container-demuxer-webm: 4f35f7cbe854078d1ac9338744f61a02 -> 
  custom:video-encoder-webm-vp8: eb34c28f22e8b96e1ab97ce403110664 -> 
  custom:audio-encoder-webm-vorbis: bf7c407c2cedff20999df2af8eb42d56 -> 
  custom:framework-win-MediaFoundation: 216162199b28c13a410421893ffa2e32 -> 
  custom:container-demuxer-ogg: 62fdf1f143b41e24485cea50d1cbac27 -> 
  custom:video-decoder-webm-vp8: 9c59270c3fd7afecdb556c50c9e8de78 -> 
  custom:audio-decoder-ogg-vorbis: bf7c407c2cedff20999df2af8eb42d56 -> 
========================================================================
Received Import Request.
  Time since last request: 296.700188 seconds.
  path: Assets/Resources/Prefabs/Bullet.prefab
  artifactKey: Guid(6d2585e938b787347af29037de54b16a) Importer(815301076,1909f56bfc062723c751e8b465ee728b)
Start importing Assets/Resources/Prefabs/Bullet.prefab using Guid(6d2585e938b787347af29037de54b16a) Importer(815301076,1909f56bfc062723c751e8b465ee728b)  -> (artifact id: '771f15b087b7ce5a8ff52e398317e6f8') in 0.097756 seconds 
========================================================================
Received Import Request.
  Time since last request: 0.000025 seconds.
  path: Assets/99. Resource/JMO Assets/Cartoon FX (legacy)/CFX2 Prefabs/Water/CFX2_Big_Splash (No Collision).prefab
  artifactKey: Guid(77c69ec12208c4c4380d15e30b6f8f68) Importer(815301076,1909f56bfc062723c751e8b465ee728b)
Start importing Assets/99. Resource/JMO Assets/Cartoon FX (legacy)/CFX2 Prefabs/Water/CFX2_Big_Splash (No Collision).prefab using Guid(77c69ec12208c4c4380d15e30b6f8f68) Importer(815301076,1909f56bfc062723c751e8b465ee728b)  -> (artifact id: 'e05ce9dc2e4fb5c21abc4e1a4af81c4b') in 0.024782 seconds 
========================================================================
Received Import Request.
  Time since last request: 0.000032 seconds.
  path: Assets/99. Resource/JMO Assets/Cartoon FX (legacy)/CFX2 Prefabs/Misc/CFX2_BrokenHeart.prefab
  artifactKey: Guid(bcaff8fc36e95584bb27cc3cf7c6cb14) Importer(815301076,1909f56bfc062723c751e8b465ee728b)
Start importing Assets/99. Resource/JMO Assets/Cartoon FX (legacy)/CFX2 Prefabs/Misc/CFX2_BrokenHeart.prefab using Guid(bcaff8fc36e95584bb27cc3cf7c6cb14) Importer(815301076,1909f56bfc062723c751e8b465ee728b)  -> (artifact id: '9437e5c7bed215d82309ca5ec8d7a06b') in 0.019315 seconds 
========================================================================
Received Import Request.
  Time since last request: 0.000023 seconds.
  path: Assets/99. Resource/JMO Assets/Cartoon FX (legacy)/CFX2 Prefabs/Blood/CFX2_Blood.prefab
  artifactKey: Guid(bc98890f6028f444eaa7789bde5e2eeb) Importer(815301076,1909f56bfc062723c751e8b465ee728b)
Start importing Assets/99. Resource/JMO Assets/Cartoon FX (legacy)/CFX2 Prefabs/Blood/CFX2_Blood.prefab using Guid(bc98890f6028f444eaa7789bde5e2eeb) Importer(815301076,1909f56bfc062723c751e8b465ee728b)  -> (artifact id: 'd2ce1512c6099de846467a8d541e2eed') in 0.012965 seconds 
========================================================================
Received Import Request.
  Time since last request: 1.104202 seconds.
  path: Assets/99. Resource/JMO Assets/Cartoon FX (legacy)/CFX2 Prefabs/Pickup Items/CFX2_PickupSmiley2.prefab
  artifactKey: Guid(1bc4a709f24528b40984e62f32e398a0) Importer(815301076,1909f56bfc062723c751e8b465ee728b)
Start importing Assets/99. Resource/JMO Assets/Cartoon FX (legacy)/CFX2 Prefabs/Pickup Items/CFX2_PickupSmiley2.prefab using Guid(1bc4a709f24528b40984e62f32e398a0) Importer(815301076,1909f56bfc062723c751e8b465ee728b)  -> (artifact id: '85950f4e2a8ea031b36e5c21eac4147a') in 0.010741 seconds 
========================================================================
Received Import Request.
  Time since last request: 0.051356 seconds.
  path: Assets/99. Resource/JMO Assets/Cartoon FX (legacy)/CFX2 Prefabs/Debris Hits/CFX2_RockHit.prefab
  artifactKey: Guid(a97415c6b57076f41a6621a7b51d63a3) Importer(815301076,1909f56bfc062723c751e8b465ee728b)
Start importing Assets/99. Resource/JMO Assets/Cartoon FX (legacy)/CFX2 Prefabs/Debris Hits/CFX2_RockHit.prefab using Guid(a97415c6b57076f41a6621a7b51d63a3) Importer(815301076,1909f56bfc062723c751e8b465ee728b)  -> (artifact id: 'baa7888ce7965bc32b2a94b9d71b2da2') in 0.012267 seconds 
========================================================================
Received Import Request.
  Time since last request: 0.011197 seconds.
  path: Assets/99. Resource/JMO Assets/Cartoon FX (legacy)/CFX2 Prefabs/Misc/CFX2_Wandering_Spirits.prefab
  artifactKey: Guid(daa6cceb1b087d74aad6916dac2805ea) Importer(815301076,1909f56bfc062723c751e8b465ee728b)
Start importing Assets/99. Resource/JMO Assets/Cartoon FX (legacy)/CFX2 Prefabs/Misc/CFX2_Wandering_Spirits.prefab using Guid(daa6cceb1b087d74aad6916dac2805ea) Importer(815301076,1909f56bfc062723c751e8b465ee728b)  -> (artifact id: '31c65aba0cd80d3cd62b71599ccb1c4b') in 0.009997 seconds 
========================================================================
Received Import Request.
  Time since last request: 0.034623 seconds.
  path: Assets/99. Resource/JMO Assets/Cartoon FX (legacy)/CFX3 Prefabs/Magic Dark/CFX3_DarkMagicAura_A.prefab
  artifactKey: Guid(7b56cd9b663f23f429e131a54ec87db0) Importer(815301076,1909f56bfc062723c751e8b465ee728b)
Start importing Assets/99. Resource/JMO Assets/Cartoon FX (legacy)/CFX3 Prefabs/Magic Dark/CFX3_DarkMagicAura_A.prefab using Guid(7b56cd9b663f23f429e131a54ec87db0) Importer(815301076,1909f56bfc062723c751e8b465ee728b)  -> (artifact id: 'ba36d8db64c8740ba6adfc62f06cd90e') in 0.011525 seconds 
========================================================================
Received Import Request.
  Time since last request: 0.336368 seconds.
  path: Assets/99. Resource/JMO Assets/Cartoon FX (legacy)/CFX3 Prefabs/Fire/CFX3_Flying_Ember_Upward.prefab
  artifactKey: Guid(f89732ea99785b94c87bbba1e27f75a3) Importer(815301076,1909f56bfc062723c751e8b465ee728b)
Start importing Assets/99. Resource/JMO Assets/Cartoon FX (legacy)/CFX3 Prefabs/Fire/CFX3_Flying_Ember_Upward.prefab using Guid(f89732ea99785b94c87bbba1e27f75a3) Importer(815301076,1909f56bfc062723c751e8b465ee728b)  -> (artifact id: '98b0deb78255435d75ef69045463f47f') in 0.018829 seconds 
========================================================================
Received Import Request.
  Time since last request: 0.013657 seconds.
  path: Assets/99. Resource/JMO Assets/Cartoon FX (legacy)/CFX3 Prefabs/Electric/CFX3_Hit_Electric_A_Ground.prefab
  artifactKey: Guid(1ca16f2a31fb6a548ad8954bed1d321f) Importer(815301076,1909f56bfc062723c751e8b465ee728b)
Start importing Assets/99. Resource/JMO Assets/Cartoon FX (legacy)/CFX3 Prefabs/Electric/CFX3_Hit_Electric_A_Ground.prefab using Guid(1ca16f2a31fb6a548ad8954bed1d321f) Importer(815301076,1909f56bfc062723c751e8b465ee728b)  -> (artifact id: '89a896495f2152f3f02e0a3f94f7d9e6') in 0.012654 seconds 
========================================================================
Received Import Request.
  Time since last request: 0.000031 seconds.
  path: Assets/99. Resource/JMO Assets/Cartoon FX (legacy)/CFX3 Prefabs/Light/CFX3_Hit_Light_C_Air.prefab
  artifactKey: Guid(757df604761b8ef42831192c70ee1099) Importer(815301076,1909f56bfc062723c751e8b465ee728b)
Start importing Assets/99. Resource/JMO Assets/Cartoon FX (legacy)/CFX3 Prefabs/Light/CFX3_Hit_Light_C_Air.prefab using Guid(757df604761b8ef42831192c70ee1099) Importer(815301076,1909f56bfc062723c751e8b465ee728b)  -> (artifact id: '361b94201a809a0737e4f76b10ff92de') in 0.012022 seconds 
========================================================================
Received Import Request.
  Time since last request: 0.024826 seconds.
  path: Assets/99. Resource/JMO Assets/Cartoon FX (legacy)/CFX3 Prefabs/Misc/CFX3_Hit_Misc_D.prefab
  artifactKey: Guid(979632a27455af442bd2d8f36eb0ffce) Importer(815301076,1909f56bfc062723c751e8b465ee728b)
Start importing Assets/99. Resource/JMO Assets/Cartoon FX (legacy)/CFX3 Prefabs/Misc/CFX3_Hit_Misc_D.prefab using Guid(979632a27455af442bd2d8f36eb0ffce) Importer(815301076,1909f56bfc062723c751e8b465ee728b)  -> (artifact id: '401ad1b72b982f232c90d0cbd2844e2b') in 0.009244 seconds 
========================================================================
Received Import Request.
  Time since last request: 0.321263 seconds.
  path: Assets/99. Resource/JMO Assets/Cartoon FX (legacy)/CFX3 Prefabs/Magic Misc/CFX3_MagicAura_D_Runic.prefab
  artifactKey: Guid(e3d819d8722fa1f47a3f68574b56dfb3) Importer(815301076,1909f56bfc062723c751e8b465ee728b)
Start importing Assets/99. Resource/JMO Assets/Cartoon FX (legacy)/CFX3 Prefabs/Magic Misc/CFX3_MagicAura_D_Runic.prefab using Guid(e3d819d8722fa1f47a3f68574b56dfb3) Importer(815301076,1909f56bfc062723c751e8b465ee728b)  -> (artifact id: '38864c1165ffe6e82eedf7006ead70b0') in 0.021601 seconds 
========================================================================
Received Import Request.
  Time since last request: 0.015088 seconds.
  path: Assets/99. Resource/JMO Assets/Cartoon FX (legacy)/CFX3 Prefabs/Misc/CFX3_Skull_Explosion.prefab
  artifactKey: Guid(e473029e4c70ad543a6879b82a732f4f) Importer(815301076,1909f56bfc062723c751e8b465ee728b)
Start importing Assets/99. Resource/JMO Assets/Cartoon FX (legacy)/CFX3 Prefabs/Misc/CFX3_Skull_Explosion.prefab using Guid(e473029e4c70ad543a6879b82a732f4f) Importer(815301076,1909f56bfc062723c751e8b465ee728b)  -> (artifact id: '3ac12443fe57c8e394d90332e4753dbe') in 0.011616 seconds 
========================================================================
Received Import Request.
  Time since last request: 0.014502 seconds.
  path: Assets/99. Resource/JMO Assets/Cartoon FX (legacy)/CFX3 Prefabs/Magic Misc/CFX3_Vortex_Ground.prefab
  artifactKey: Guid(3d4907e6bd39f474b8fd8220920e65c4) Importer(815301076,1909f56bfc062723c751e8b465ee728b)
Start importing Assets/99. Resource/JMO Assets/Cartoon FX (legacy)/CFX3 Prefabs/Magic Misc/CFX3_Vortex_Ground.prefab using Guid(3d4907e6bd39f474b8fd8220920e65c4) Importer(815301076,1909f56bfc062723c751e8b465ee728b)  -> (artifact id: 'b3feee5b95452c29437539ed3ce12bba') in 0.010712 seconds 
========================================================================
Received Import Request.
  Time since last request: 0.000017 seconds.
  path: Assets/99. Resource/JMO Assets/Cartoon FX (legacy)/CFX4 Prefabs/Water/CFX4 Bubbles Whirl.prefab
  artifactKey: Guid(18204b98237ccb540808f2cd2d78c2c8) Importer(815301076,1909f56bfc062723c751e8b465ee728b)
Start importing Assets/99. Resource/JMO Assets/Cartoon FX (legacy)/CFX4 Prefabs/Water/CFX4 Bubbles Whirl.prefab using Guid(18204b98237ccb540808f2cd2d78c2c8) Importer(815301076,1909f56bfc062723c751e8b465ee728b)  -> (artifact id: '0b91163cc143d1fe4021ebd846be041a') in 0.010953 seconds 
========================================================================
Received Import Request.
  Time since last request: 0.993433 seconds.
  path: Assets/99. Resource/JMO Assets/Cartoon FX (legacy)/CFX4 Prefabs/Misc/CFX4 Drill Air Hit (NO COLLISION).prefab
  artifactKey: Guid(f01c1eba69de19e44b04d8d651aaac37) Importer(815301076,1909f56bfc062723c751e8b465ee728b)
Start importing Assets/99. Resource/JMO Assets/Cartoon FX (legacy)/CFX4 Prefabs/Misc/CFX4 Drill Air Hit (NO COLLISION).prefab using Guid(f01c1eba69de19e44b04d8d651aaac37) Importer(815301076,1909f56bfc062723c751e8b465ee728b)  -> (artifact id: '9e4260c8a667e31d4656cbf446f67bfd') in 0.020690 seconds 
========================================================================
Received Import Request.
  Time since last request: 0.000024 seconds.
  path: Assets/99. Resource/JMO Assets/Cartoon FX (legacy)/CFX4 Prefabs/Misc/CFX4 Hit B (Orange).prefab
  artifactKey: Guid(e9391f622091e1449bdef4ef15af4948) Importer(815301076,1909f56bfc062723c751e8b465ee728b)
Start importing Assets/99. Resource/JMO Assets/Cartoon FX (legacy)/CFX4 Prefabs/Misc/CFX4 Hit B (Orange).prefab using Guid(e9391f622091e1449bdef4ef15af4948) Importer(815301076,1909f56bfc062723c751e8b465ee728b)  -> (artifact id: '65a46a6b653f375da66ce37ea8f0806e') in 0.012823 seconds 
========================================================================
Received Import Request.
  Time since last request: 0.000022 seconds.
  path: Assets/99. Resource/JMO Assets/Cartoon FX (legacy)/CFX4 Prefabs/Misc/CFX4 Hit Pow.prefab
  artifactKey: Guid(fb7b0526ade434043b350a180d741cf3) Importer(815301076,1909f56bfc062723c751e8b465ee728b)
Start importing Assets/99. Resource/JMO Assets/Cartoon FX (legacy)/CFX4 Prefabs/Misc/CFX4 Hit Pow.prefab using Guid(fb7b0526ade434043b350a180d741cf3) Importer(815301076,1909f56bfc062723c751e8b465ee728b)  -> (artifact id: 'b2277eff6c7fa3455bd4fe17f30c2f59') in 0.013679 seconds 
========================================================================
Received Import Request.
  Time since last request: 0.000016 seconds.
  path: Assets/99. Resource/JMO Assets/Cartoon FX (legacy)/CFX Prefabs/Electric/CFX_ElectricityBall.prefab
  artifactKey: Guid(77ec3c4e07a36814fb3169ecef41b50a) Importer(815301076,1909f56bfc062723c751e8b465ee728b)
Start importing Assets/99. Resource/JMO Assets/Cartoon FX (legacy)/CFX Prefabs/Electric/CFX_ElectricityBall.prefab using Guid(77ec3c4e07a36814fb3169ecef41b50a) Importer(815301076,1909f56bfc062723c751e8b465ee728b)  -> (artifact id: '1854003458a3ba317735da34ca204674') in 0.013836 seconds 
========================================================================
Received Import Request.
  Time since last request: 0.000016 seconds.
  path: Assets/99. Resource/JMO Assets/Cartoon FX (legacy)/CFX Prefabs/Explosions/CFX_Explosion_B_Smoke+Text.prefab
  artifactKey: Guid(46876a2780737ec45a19d62f88e5ce56) Importer(815301076,1909f56bfc062723c751e8b465ee728b)
Start importing Assets/99. Resource/JMO Assets/Cartoon FX (legacy)/CFX Prefabs/Explosions/CFX_Explosion_B_Smoke+Text.prefab using Guid(46876a2780737ec45a19d62f88e5ce56) Importer(815301076,1909f56bfc062723c751e8b465ee728b)  -> (artifact id: '6eb3debb4355c2654e73c240bab19343') in 0.015003 seconds 
========================================================================
Received Import Request.
  Time since last request: 0.000021 seconds.
  path: Assets/99. Resource/JMO Assets/Cartoon FX (legacy)/CFX Prefabs/Misc/CFX_Tornado.prefab
  artifactKey: Guid(352304b7fbe11f445970df6ae36e6227) Importer(815301076,1909f56bfc062723c751e8b465ee728b)
Start importing Assets/99. Resource/JMO Assets/Cartoon FX (legacy)/CFX Prefabs/Misc/CFX_Tornado.prefab using Guid(352304b7fbe11f445970df6ae36e6227) Importer(815301076,1909f56bfc062723c751e8b465ee728b)  -> (artifact id: '152a8793bb69990adac00a5b63849acb') in 0.012031 seconds 
========================================================================
Received Import Request.
  Time since last request: 0.000019 seconds.
  path: Assets/99. Resource/JMO Assets/Cartoon FX Remaster/CFXR Prefabs/Explosions/CFXR Explosion 1.prefab
  artifactKey: Guid(3ef3ae421f71c5c4e97fe12dc2fc6312) Importer(815301076,1909f56bfc062723c751e8b465ee728b)
Start importing Assets/99. Resource/JMO Assets/Cartoon FX Remaster/CFXR Prefabs/Explosions/CFXR Explosion 1.prefab using Guid(3ef3ae421f71c5c4e97fe12dc2fc6312) Importer(815301076,1909f56bfc062723c751e8b465ee728b)  -> (artifact id: 'fa20c342cd66a7d487b9e4917892eb95') in 0.264987 seconds 
========================================================================
Received Import Request.
  Time since last request: 0.000019 seconds.
  path: Assets/99. Resource/JMO Assets/Cartoon FX Remaster/CFXR Assets/Meshes/cfxr mesh donut.fbx
  artifactKey: Guid(5d48695472dfda94b92ac5316397da95) Importer(815301076,1909f56bfc062723c751e8b465ee728b)
Start importing Assets/99. Resource/JMO Assets/Cartoon FX Remaster/CFXR Assets/Meshes/cfxr mesh donut.fbx using Guid(5d48695472dfda94b92ac5316397da95) Importer(815301076,1909f56bfc062723c751e8b465ee728b)  -> (artifact id: '5fa2efe9f406e8834baace8bc0e23b76') in 0.176552 seconds 
========================================================================
Received Import Request.
  Time since last request: 0.000021 seconds.
  path: Assets/99. Resource/JMO Assets/Cartoon FX Remaster/CFXR Prefabs/Explosions/CFXR Explosion Smoke 2 Solo (HDR).prefab
  artifactKey: Guid(4bda94453d2ca7444a0fff05b2d425f5) Importer(815301076,1909f56bfc062723c751e8b465ee728b)
Start importing Assets/99. Resource/JMO Assets/Cartoon FX Remaster/CFXR Prefabs/Explosions/CFXR Explosion Smoke 2 Solo (HDR).prefab using Guid(4bda94453d2ca7444a0fff05b2d425f5) Importer(815301076,1909f56bfc062723c751e8b465ee728b)  -> (artifact id: 'c33846eee538dafe12f6b7ecbebcd751') in 0.154413 seconds 
========================================================================
Received Import Request.
  Time since last request: 0.000020 seconds.
  path: Assets/99. Resource/JMO Assets/Cartoon FX Remaster/CFXR Assets/Meshes/cfxr particle_electric_arc.fbx
  artifactKey: Guid(192a51b0671a3e949b6876606c3205db) Importer(815301076,1909f56bfc062723c751e8b465ee728b)
Start importing Assets/99. Resource/JMO Assets/Cartoon FX Remaster/CFXR Assets/Meshes/cfxr particle_electric_arc.fbx using Guid(192a51b0671a3e949b6876606c3205db) Importer(815301076,1909f56bfc062723c751e8b465ee728b)  -> (artifact id: 'c8d95d010f153adddb2a974d0ceb9cf7') in 0.151678 seconds 
========================================================================
Received Import Request.
  Time since last request: 0.000017 seconds.
  path: Assets/99. Resource/JMO Assets/Cartoon FX Remaster/CFXR Prefabs/Liquids/CFXR Water Ripples.prefab
  artifactKey: Guid(5a8d99fb95262ea458a7b580f2a1611c) Importer(815301076,1909f56bfc062723c751e8b465ee728b)
Start importing Assets/99. Resource/JMO Assets/Cartoon FX Remaster/CFXR Prefabs/Liquids/CFXR Water Ripples.prefab using Guid(5a8d99fb95262ea458a7b580f2a1611c) Importer(815301076,1909f56bfc062723c751e8b465ee728b)  -> (artifact id: '7488009aae9c9bceff51979373ab16f2') in 0.064067 seconds 
========================================================================
Received Import Request.
  Time since last request: 0.000024 seconds.
  path: Assets/99. Resource/JMO Assets/Cartoon FX Remaster/CFXR Prefabs/Fire/CFXR Fire Breath.prefab
  artifactKey: Guid(c4ed38c72957f2241ad144a1614956d9) Importer(815301076,1909f56bfc062723c751e8b465ee728b)
Start importing Assets/99. Resource/JMO Assets/Cartoon FX Remaster/CFXR Prefabs/Fire/CFXR Fire Breath.prefab using Guid(c4ed38c72957f2241ad144a1614956d9) Importer(815301076,1909f56bfc062723c751e8b465ee728b)  -> (artifact id: 'b65382109f1c55f4e008c152751e7cc5') in 0.018176 seconds 
========================================================================
Received Import Request.
  Time since last request: 0.000014 seconds.
  path: Assets/99. Resource/JMO Assets/Cartoon FX (legacy)/CFX Prefabs/Explosions/CFX_Firework_Trails_Gravity.prefab
  artifactKey: Guid(4adffb0018aeda44e9263f901167af1f) Importer(815301076,1909f56bfc062723c751e8b465ee728b)
Start importing Assets/99. Resource/JMO Assets/Cartoon FX (legacy)/CFX Prefabs/Explosions/CFX_Firework_Trails_Gravity.prefab using Guid(4adffb0018aeda44e9263f901167af1f) Importer(815301076,1909f56bfc062723c751e8b465ee728b)  -> (artifact id: '12e1c4f945a322691cca57c6403df420') in 0.012305 seconds 
========================================================================
Received Import Request.
  Time since last request: 0.000016 seconds.
  path: Assets/99. Resource/JMO Assets/Cartoon FX Remaster/CFXR Assets/Meshes/cfxr mesh ring.fbx
  artifactKey: Guid(fd9225d663ccb334dbfa1e5255190553) Importer(815301076,1909f56bfc062723c751e8b465ee728b)
Start importing Assets/99. Resource/JMO Assets/Cartoon FX Remaster/CFXR Assets/Meshes/cfxr mesh ring.fbx using Guid(fd9225d663ccb334dbfa1e5255190553) Importer(815301076,1909f56bfc062723c751e8b465ee728b)  -> (artifact id: '1e7e71e27b275a17cfc24a3ef3d290bc') in 0.028920 seconds 
========================================================================
Received Import Request.
  Time since last request: 0.000017 seconds.
  path: Assets/99. Resource/JMO Assets/Cartoon FX Remaster/CFXR Assets/Meshes/cfxr mesh disk.fbx
  artifactKey: Guid(7874f2765cea0a547827d03a8933235d) Importer(815301076,1909f56bfc062723c751e8b465ee728b)
Start importing Assets/99. Resource/JMO Assets/Cartoon FX Remaster/CFXR Assets/Meshes/cfxr mesh disk.fbx using Guid(7874f2765cea0a547827d03a8933235d) Importer(815301076,1909f56bfc062723c751e8b465ee728b)  -> (artifact id: '2c3fa35ff862e4ec9de7c5ea9de838f0') in 0.011559 seconds 
========================================================================
Received Import Request.
  Time since last request: 0.000015 seconds.
  path: Assets/99. Resource/JMO Assets/Cartoon FX Remaster/CFXR Prefabs/Electric/CFXR Electrified 3.prefab
  artifactKey: Guid(effb650189dc5714e9e9801b1cfb3991) Importer(815301076,1909f56bfc062723c751e8b465ee728b)
Start importing Assets/99. Resource/JMO Assets/Cartoon FX Remaster/CFXR Prefabs/Electric/CFXR Electrified 3.prefab using Guid(effb650189dc5714e9e9801b1cfb3991) Importer(815301076,1909f56bfc062723c751e8b465ee728b)  -> (artifact id: '51d1cd0ce4595a43f59da549472152f1') in 0.012892 seconds 
========================================================================
Received Import Request.
  Time since last request: 0.000017 seconds.
  path: Assets/99. Resource/JMO Assets/Cartoon FX Remaster/CFXR Prefabs/Misc/CFXR Magic Poof.prefab
  artifactKey: Guid(c4f829cb7dd4b864caf8832ec5b1ee55) Importer(815301076,1909f56bfc062723c751e8b465ee728b)
Start importing Assets/99. Resource/JMO Assets/Cartoon FX Remaster/CFXR Prefabs/Misc/CFXR Magic Poof.prefab using Guid(c4f829cb7dd4b864caf8832ec5b1ee55) Importer(815301076,1909f56bfc062723c751e8b465ee728b)  -> (artifact id: 'a329d1db101b87023447bc1bcfe9201c') in 0.082802 seconds 
========================================================================
Received Import Request.
  Time since last request: 1.667634 seconds.
  path: Assets/99. Resource/JMO Assets/Cartoon FX Remaster/CFXR Prefabs/Impacts/CFXR2 Ground Hit.prefab
  artifactKey: Guid(87ee7299dd44ed747af24dbb91bcd33b) Importer(815301076,1909f56bfc062723c751e8b465ee728b)
Start importing Assets/99. Resource/JMO Assets/Cartoon FX Remaster/CFXR Prefabs/Impacts/CFXR2 Ground Hit.prefab using Guid(87ee7299dd44ed747af24dbb91bcd33b) Importer(815301076,1909f56bfc062723c751e8b465ee728b)  -> (artifact id: 'e471e10c98b200f3a81f053d78ee5311') in 0.064487 seconds 
========================================================================
Received Import Request.
  Time since last request: 0.000018 seconds.
  path: Assets/99. Resource/JMO Assets/Cartoon FX Remaster/CFXR Prefabs/Eerie/CFXR2 Skull Head Alt.prefab
  artifactKey: Guid(463cf9f7af4680240898f6aeba3fe3e6) Importer(815301076,1909f56bfc062723c751e8b465ee728b)
Start importing Assets/99. Resource/JMO Assets/Cartoon FX Remaster/CFXR Prefabs/Eerie/CFXR2 Skull Head Alt.prefab using Guid(463cf9f7af4680240898f6aeba3fe3e6) Importer(815301076,1909f56bfc062723c751e8b465ee728b)  -> (artifact id: '9ec8d3f9e8658b47cacbc660e171d07e') in 0.069420 seconds 
========================================================================
Received Import Request.
  Time since last request: 0.000026 seconds.
  path: Assets/99. Resource/JMO Assets/Cartoon FX Remaster/CFXR Prefabs/Nature/CFXR3 Hit Leaves A (Lit).prefab
  artifactKey: Guid(ceec7516237b4104b94300043ca39784) Importer(815301076,1909f56bfc062723c751e8b465ee728b)
Start importing Assets/99. Resource/JMO Assets/Cartoon FX Remaster/CFXR Prefabs/Nature/CFXR3 Hit Leaves A (Lit).prefab using Guid(ceec7516237b4104b94300043ca39784) Importer(815301076,1909f56bfc062723c751e8b465ee728b)  -> (artifact id: '0ad1ab655242124928e209eae313f228') in 0.101372 seconds 
========================================================================
Received Import Request.
  Time since last request: 0.000018 seconds.
  path: Assets/99. Resource/JMO Assets/Cartoon FX Remaster/CFXR Prefabs/Misc/CFXR3 Hit Misc F Smoke.prefab
  artifactKey: Guid(9fe8f8b3288e45a44af36ff8aa04486e) Importer(815301076,1909f56bfc062723c751e8b465ee728b)
Start importing Assets/99. Resource/JMO Assets/Cartoon FX Remaster/CFXR Prefabs/Misc/CFXR3 Hit Misc F Smoke.prefab using Guid(9fe8f8b3288e45a44af36ff8aa04486e) Importer(815301076,1909f56bfc062723c751e8b465ee728b)  -> (artifact id: '0f96e64b458fb6f8f3fb41a8a7fefb11') in 0.035420 seconds 
========================================================================
Received Import Request.
  Time since last request: 0.000018 seconds.
  path: Assets/99. Resource/JMO Assets/Cartoon FX Remaster/CFXR Prefabs/Texts/CFXR4 _FROZEN_.prefab
  artifactKey: Guid(3b7e489cc13dac144b93495cf5b38349) Importer(815301076,1909f56bfc062723c751e8b465ee728b)
Start importing Assets/99. Resource/JMO Assets/Cartoon FX Remaster/CFXR Prefabs/Texts/CFXR4 _FROZEN_.prefab using Guid(3b7e489cc13dac144b93495cf5b38349) Importer(815301076,1909f56bfc062723c751e8b465ee728b)  -> (artifact id: 'bcea1763224105e5009c262bf8b27eff') in 0.071763 seconds 
========================================================================
Received Import Request.
  Time since last request: 0.000019 seconds.
  path: Assets/99. Resource/JMO Assets/Cartoon FX Remaster/CFXR Prefabs/Misc/CFXR3 Ambient Glows.prefab
  artifactKey: Guid(3801a320e9ae1bf44a14efa194c86c3f) Importer(815301076,1909f56bfc062723c751e8b465ee728b)
Start importing Assets/99. Resource/JMO Assets/Cartoon FX Remaster/CFXR Prefabs/Misc/CFXR3 Ambient Glows.prefab using Guid(3801a320e9ae1bf44a14efa194c86c3f) Importer(815301076,1909f56bfc062723c751e8b465ee728b)  -> (artifact id: '52aa5538dfe58b1d5c49e16a512cfb2e') in 0.034129 seconds 
========================================================================
Received Import Request.
  Time since last request: 0.000031 seconds.
  path: Assets/99. Resource/JMO Assets/Cartoon FX Remaster/CFXR Prefabs/Explosions/CFXR3 Fire Explosion B.prefab
  artifactKey: Guid(99bc28c0d45f51c4fbac01080b73edc7) Importer(815301076,1909f56bfc062723c751e8b465ee728b)
Start importing Assets/99. Resource/JMO Assets/Cartoon FX Remaster/CFXR Prefabs/Explosions/CFXR3 Fire Explosion B.prefab using Guid(99bc28c0d45f51c4fbac01080b73edc7) Importer(815301076,1909f56bfc062723c751e8b465ee728b)  -> (artifact id: 'd5764f3c1d4a541a0e5462631184a034') in 0.015291 seconds 
========================================================================
Received Import Request.
  Time since last request: 0.000017 seconds.
  path: Assets/99. Resource/JMO Assets/Cartoon FX Remaster/CFXR Prefabs/Eerie/CFXR2 Souls Escape.prefab
  artifactKey: Guid(b5c8ca7ed10b61e499cce8ec3b6e2e4c) Importer(815301076,1909f56bfc062723c751e8b465ee728b)
Start importing Assets/99. Resource/JMO Assets/Cartoon FX Remaster/CFXR Prefabs/Eerie/CFXR2 Souls Escape.prefab using Guid(b5c8ca7ed10b61e499cce8ec3b6e2e4c) Importer(815301076,1909f56bfc062723c751e8b465ee728b)  -> (artifact id: '3e24c748e5973ea31784363a8b386e58') in 0.077651 seconds 
========================================================================
Received Import Request.
  Time since last request: 0.157608 seconds.
  path: Assets/99. Resource/JMO Assets/Cartoon FX Remaster/CFXR Prefabs/Liquids/CFXR4 Bubbles Breath Underwater Loop.prefab
  artifactKey: Guid(7f906c77905876d488e88e99d13c3d7d) Importer(815301076,1909f56bfc062723c751e8b465ee728b)
Start importing Assets/99. Resource/JMO Assets/Cartoon FX Remaster/CFXR Prefabs/Liquids/CFXR4 Bubbles Breath Underwater Loop.prefab using Guid(7f906c77905876d488e88e99d13c3d7d) Importer(815301076,1909f56bfc062723c751e8b465ee728b)  -> (artifact id: '64e1923fcd2177ba86f40f67189bb714') in 0.016611 seconds 
========================================================================
Received Import Request.
  Time since last request: 0.011751 seconds.
  path: Assets/99. Resource/JMO Assets/Cartoon FX Remaster/CFXR Prefabs/Magic Misc/CFXR4 Falling Stars.prefab
  artifactKey: Guid(85b062a5517cf8345bb6784ffbed4877) Importer(815301076,1909f56bfc062723c751e8b465ee728b)
Start importing Assets/99. Resource/JMO Assets/Cartoon FX Remaster/CFXR Prefabs/Magic Misc/CFXR4 Falling Stars.prefab using Guid(85b062a5517cf8345bb6784ffbed4877) Importer(815301076,1909f56bfc062723c751e8b465ee728b)  -> (artifact id: '4eb809d101cfa9de4ebf25e938127dba') in 0.010405 seconds 
========================================================================
Received Import Request.
  Time since last request: 0.000018 seconds.
  path: Assets/99. Resource/JMO Assets/Cartoon FX Remaster/CFXR Prefabs/Explosions/CFXR4 Firework HDR Shoot Single (Random Color).prefab
  artifactKey: Guid(afa54037ffe627545886e2741abb365d) Importer(815301076,1909f56bfc062723c751e8b465ee728b)
Start importing Assets/99. Resource/JMO Assets/Cartoon FX Remaster/CFXR Prefabs/Explosions/CFXR4 Firework HDR Shoot Single (Random Color).prefab using Guid(afa54037ffe627545886e2741abb365d) Importer(815301076,1909f56bfc062723c751e8b465ee728b)  -> (artifact id: '719a407972eb73d9014284a0d5fbf29b') in 0.061456 seconds 
========================================================================
Received Import Request.
  Time since last request: 0.000019 seconds.
  path: Assets/99. Resource/JMO Assets/Cartoon FX Remaster/CFXR Prefabs/Sword Trails/Ice/CFXR4 Sword Hit ICE (Cross).prefab
  artifactKey: Guid(0c2509361b13505428ce788b7f846686) Importer(815301076,1909f56bfc062723c751e8b465ee728b)
Start importing Assets/99. Resource/JMO Assets/Cartoon FX Remaster/CFXR Prefabs/Sword Trails/Ice/CFXR4 Sword Hit ICE (Cross).prefab using Guid(0c2509361b13505428ce788b7f846686) Importer(815301076,1909f56bfc062723c751e8b465ee728b)  -> (artifact id: '976b650a82bf4440d484249bec606dba') in 0.204280 seconds 
========================================================================
Received Import Request.
  Time since last request: 0.000020 seconds.
  path: Assets/Resources/Prefabs/FX/Smoke.prefab
  artifactKey: Guid(a0b20788edffd4f4996a0fbbe0c5e24d) Importer(815301076,1909f56bfc062723c751e8b465ee728b)
Start importing Assets/Resources/Prefabs/FX/Smoke.prefab using Guid(a0b20788edffd4f4996a0fbbe0c5e24d) Importer(815301076,1909f56bfc062723c751e8b465ee728b)  -> (artifact id: '08db2cd64fd88819ce4607b3c491139e') in 0.013844 seconds 
========================================================================
Received Import Request.
  Time since last request: 0.000030 seconds.
  path: Assets/99. Resource/JMO Assets/Cartoon FX Remaster/CFXR Prefabs/Sword Trails/Fire/CFXR4 Sword Trail FIRE (360 Thin Spiral).prefab
  artifactKey: Guid(b3416c8b2e3c7804b8c061dc4a36fc43) Importer(815301076,1909f56bfc062723c751e8b465ee728b)
Start importing Assets/99. Resource/JMO Assets/Cartoon FX Remaster/CFXR Prefabs/Sword Trails/Fire/CFXR4 Sword Trail FIRE (360 Thin Spiral).prefab using Guid(b3416c8b2e3c7804b8c061dc4a36fc43) Importer(815301076,1909f56bfc062723c751e8b465ee728b)  -> (artifact id: '2d5b33b159b2d96bb10669603fb2fd65') in 0.016357 seconds 
========================================================================
Received Import Request.
  Time since last request: 0.000015 seconds.
  path: Assets/99. Resource/JMO Assets/Cartoon FX Remaster/CFXR Prefabs/Sword Trails/Plain/CFXR4 Sword Trail PLAIN (360 Spiral).prefab
  artifactKey: Guid(95b8d3d65b5d7f1409c4ed1723887826) Importer(815301076,1909f56bfc062723c751e8b465ee728b)
Start importing Assets/99. Resource/JMO Assets/Cartoon FX Remaster/CFXR Prefabs/Sword Trails/Plain/CFXR4 Sword Trail PLAIN (360 Spiral).prefab using Guid(95b8d3d65b5d7f1409c4ed1723887826) Importer(815301076,1909f56bfc062723c751e8b465ee728b)  -> (artifact id: '7d89d5fbf607b76473977ec195734101') in 0.043940 seconds 
========================================================================
Received Import Request.
  Time since last request: 0.000020 seconds.
  path: Assets/Resources/Prefabs/Enemy/EnemyBullet.prefab
  artifactKey: Guid(dd32bffebe528b7448522b186c38bbdb) Importer(815301076,1909f56bfc062723c751e8b465ee728b)
Start importing Assets/Resources/Prefabs/Enemy/EnemyBullet.prefab using Guid(dd32bffebe528b7448522b186c38bbdb) Importer(815301076,1909f56bfc062723c751e8b465ee728b)  -> (artifact id: 'f090bc20cf29375d48810e8d51990550') in 0.011454 seconds 
========================================================================
Received Import Request.
  Time since last request: 0.000013 seconds.
  path: Assets/Resources/Prefabs/FX/Hit.prefab
  artifactKey: Guid(02320320abe6243448eba1920d68638b) Importer(815301076,1909f56bfc062723c751e8b465ee728b)
Start importing Assets/Resources/Prefabs/FX/Hit.prefab using Guid(02320320abe6243448eba1920d68638b) Importer(815301076,1909f56bfc062723c751e8b465ee728b)  -> (artifact id: '5f7acb2762083af165f4609fed377dff') in 0.011698 seconds 
========================================================================
Received Prepare
Registering precompiled user dll's ...
Registered in 0.001896 seconds.
Begin MonoManager ReloadAssembly
Native extension for WindowsStandalone target not found
Native extension for WebGL target not found
Refreshing native plugins compatible for Editor in 0.27 ms, found 2 plugins.
Preloading 0 native plugins for Editor in 0.00 ms.
Mono: successfully reloaded assembly
- Completed reload, in  0.573 seconds
Domain Reload Profiling:
	ReloadAssembly (574ms)
		BeginReloadAssembly (87ms)
			ExecutionOrderSort (0ms)
			DisableScriptedObjects (3ms)
			BackupInstance (0ms)
			ReleaseScriptingObjects (0ms)
			CreateAndSetChildDomain (23ms)
		EndReloadAssembly (409ms)
			LoadAssemblies (47ms)
			RebuildTransferFunctionScriptingTraits (0ms)
			SetupTypeCache (119ms)
			ReleaseScriptCaches (1ms)
			RebuildScriptCaches (23ms)
			SetupLoadedEditorAssemblies (192ms)
				LogAssemblyErrors (0ms)
				InitializePlatformSupportModulesInManaged (10ms)
				SetLoadedEditorAssemblies (0ms)
				RefreshPlugins (0ms)
				BeforeProcessingInitializeOnLoad (29ms)
				ProcessInitializeOnLoadAttributes (131ms)
				ProcessInitializeOnLoadMethodAttributes (15ms)
				AfterProcessingInitializeOnLoad (6ms)
				EditorAssembliesLoaded (0ms)
			ExecutionOrderSort2 (0ms)
			AwakeInstancesAfterBackupRestoration (4ms)
Platform modules already initialized, skipping
Refreshing native plugins compatible for Editor in 1.03 ms, found 2 plugins.
Preloading 0 native plugins for Editor in 0.00 ms.
Unloading 1405 Unused Serialized files (Serialized files now loaded: 0)
Unloading 9 unused Assets / (24.6 KB). Loaded Objects now: 1983.
Memory consumption went from 76.1 MB to 76.1 MB.
Total: 2.365200 ms (FindLiveObjects: 0.099400 ms CreateObjectMapping: 0.027500 ms MarkObjects: 2.218300 ms  DeleteObjects: 0.019100 ms)

AssetImportParameters requested are different than current active one (requested -> active):
  custom:video-decoder-ogg-theora: a1e56fd34408186e4bbccfd4996cb3dc -> 
  custom:container-muxer-webm: aa71ff27fc2769a1b78a27578f13a17b -> 
  custom:container-demuxer-webm: 4f35f7cbe854078d1ac9338744f61a02 -> 
  custom:video-encoder-webm-vp8: eb34c28f22e8b96e1ab97ce403110664 -> 
  custom:audio-encoder-webm-vorbis: bf7c407c2cedff20999df2af8eb42d56 -> 
  custom:framework-win-MediaFoundation: 216162199b28c13a410421893ffa2e32 -> 
  custom:container-demuxer-ogg: 62fdf1f143b41e24485cea50d1cbac27 -> 
  custom:video-decoder-webm-vp8: 9c59270c3fd7afecdb556c50c9e8de78 -> 
  custom:audio-decoder-ogg-vorbis: bf7c407c2cedff20999df2af8eb42d56 -> 
========================================================================
Received Prepare
Registering precompiled user dll's ...
Registered in 0.001708 seconds.
Begin MonoManager ReloadAssembly
Native extension for WindowsStandalone target not found
Native extension for WebGL target not found
Refreshing native plugins compatible for Editor in 0.27 ms, found 2 plugins.
Preloading 0 native plugins for Editor in 0.00 ms.
Mono: successfully reloaded assembly
- Completed reload, in  0.582 seconds
Domain Reload Profiling:
	ReloadAssembly (583ms)
		BeginReloadAssembly (83ms)
			ExecutionOrderSort (0ms)
			DisableScriptedObjects (4ms)
			BackupInstance (0ms)
			ReleaseScriptingObjects (0ms)
			CreateAndSetChildDomain (19ms)
		EndReloadAssembly (426ms)
			LoadAssemblies (46ms)
			RebuildTransferFunctionScriptingTraits (0ms)
			SetupTypeCache (108ms)
			ReleaseScriptCaches (1ms)
			RebuildScriptCaches (24ms)
			SetupLoadedEditorAssemblies (215ms)
				LogAssemblyErrors (0ms)
				InitializePlatformSupportModulesInManaged (10ms)
				SetLoadedEditorAssemblies (0ms)
				RefreshPlugins (0ms)
				BeforeProcessingInitializeOnLoad (31ms)
				ProcessInitializeOnLoadAttributes (152ms)
				ProcessInitializeOnLoadMethodAttributes (17ms)
				AfterProcessingInitializeOnLoad (5ms)
				EditorAssembliesLoaded (0ms)
			ExecutionOrderSort2 (0ms)
			AwakeInstancesAfterBackupRestoration (5ms)
Platform modules already initialized, skipping
Refreshing native plugins compatible for Editor in 0.95 ms, found 2 plugins.
Preloading 0 native plugins for Editor in 0.00 ms.
Unloading 1405 Unused Serialized files (Serialized files now loaded: 0)
Unloading 9 unused Assets / (24.7 KB). Loaded Objects now: 1986.
Memory consumption went from 76.1 MB to 76.1 MB.
Total: 1.970100 ms (FindLiveObjects: 0.100500 ms CreateObjectMapping: 0.044300 ms MarkObjects: 1.806700 ms  DeleteObjects: 0.017700 ms)

AssetImportParameters requested are different than current active one (requested -> active):
  custom:video-decoder-ogg-theora: a1e56fd34408186e4bbccfd4996cb3dc -> 
  custom:container-muxer-webm: aa71ff27fc2769a1b78a27578f13a17b -> 
  custom:container-demuxer-webm: 4f35f7cbe854078d1ac9338744f61a02 -> 
  custom:video-encoder-webm-vp8: eb34c28f22e8b96e1ab97ce403110664 -> 
  custom:audio-encoder-webm-vorbis: bf7c407c2cedff20999df2af8eb42d56 -> 
  custom:framework-win-MediaFoundation: 216162199b28c13a410421893ffa2e32 -> 
  custom:container-demuxer-ogg: 62fdf1f143b41e24485cea50d1cbac27 -> 
  custom:video-decoder-webm-vp8: 9c59270c3fd7afecdb556c50c9e8de78 -> 
  custom:audio-decoder-ogg-vorbis: bf7c407c2cedff20999df2af8eb42d56 -> 
Editor requested this worker to shutdown with reason: Scaling down because of idle timeout
AssetImportWorker is now disconnected from the server
Process exiting
Exiting without the bug reporter. Application will terminate with return code 0